Log file open, 02/11/18 10:52:36
LogWindows: Failed to load 'aqProf.dll' (GetLastError=126)
LogWindows: File 'aqProf.dll' does not exist
LogWindows: Failed to load 'VtuneApi.dll' (GetLastError=126)
LogWindows: File 'VtuneApi.dll' does not exist
LogWindows: Failed to load 'VtuneApi32e.dll' (GetLastError=126)
LogWindows: File 'VtuneApi32e.dll' does not exist
LogInit: Display: Running engine for game: Conan
LogPlatformFile: Not using cached read wrapper
LogInit: Display: RandInit(477917103) SRandInit(477917103).
LogInit: Read version file with build ID '3709383'
LogInit: Overriding engine version to CL 3832480, compatible CL 3709383
LogInit: Registered custom module enumerator with build ID '3709383'
LogTaskGraph: Started task graph with 5 named threads and 20 total threads with 3 sets of task threads.
LogStats: Stats thread started at 0.647825
LogD3D11RHI: Aftermath initialized
LogModuleManager: Display: Found up-to-date module file ../../../Engine/Plugins/2D/Paper2D/Binaries/Win64/UE4Editor-Paper2D.dll (API version 3709383).
LogModuleManager: Display: Found up-to-date module file ../../../Engine/Plugins/2D/Paper2D/Binaries/Win64/UE4Editor-Paper2DEditor.dll (API version 3709383).
LogModuleManager: Display: Found up-to-date module file ../../../Engine/Plugins/2D/Paper2D/Binaries/Win64/UE4Editor-PaperSpriteSheetImporter.dll (API version 3709383).
LogModuleManager: Display: Found up-to-date module file ../../../Engine/Plugins/2D/Paper2D/Binaries/Win64/UE4Editor-PaperTiledImporter.dll (API version 3709383).
LogModuleManager: Display: Found up-to-date module file ../../../Engine/Plugins/2D/Paper2D/Binaries/Win64/UE4Editor-SmartSnapping.dll (API version 3709383).
LogModuleManager: Display: Found up-to-date module file ../../../Engine/Plugins/Blendables/LightPropagationVolume/Binaries/Win64/UE4Editor-LightPropagationVolumeRuntime.dll (API version 3709383).
LogModuleManager: Display: Found up-to-date module file ../../../Engine/Plugins/Blendables/LightPropagationVolume/Binaries/Win64/UE4Editor-LightPropagationVolumeEditor.dll (API version 3709383).
LogModuleManager: Display: Found up-to-date module file ../../../Engine/Plugins/Developer/GitSourceControl/Binaries/Win64/UE4Editor-GitSourceControl.dll (API version 3709383).
LogModuleManager: Display: Found up-to-date module file ../../../Engine/Plugins/Developer/PerforceSourceControl/Binaries/Win64/UE4Editor-PerforceSourceControl.dll (API version 3709383).
LogModuleManager: Display: Found up-to-date module file ../../../Engine/Plugins/Developer/SubversionSourceControl/Binaries/Win64/UE4Editor-SubversionSourceControl.dll (API version 3709383).
LogModuleManager: Display: Found up-to-date module file ../../../Engine/Plugins/Developer/UObjectPlugin/Binaries/Win64/UE4Editor-UObjectPlugin.dll (API version 3709383).
LogModuleManager: Display: Found up-to-date module file ../../../Engine/Plugins/Developer/VisualStudioCodeSourceCodeAccess/Binaries/Win64/UE4Editor-VisualStudioCodeSourceCodeAccess.dll (API version 3709383).
LogModuleManager: Display: Found up-to-date module file ../../../Engine/Plugins/Developer/VisualStudioSourceCodeAccess/Binaries/Win64/UE4Editor-VisualStudioSourceCodeAccess.dll (API version 3709383).
LogModuleManager: Display: Found up-to-date module file ../../../Engine/Plugins/Editor/AssetManagerEditor/Binaries/Win64/UE4Editor-AssetManagerEditor.dll (API version 3709383).
LogModuleManager: Display: Found up-to-date module file ../../../Engine/Plugins/Editor/AudioCapture/Binaries/Win64/UE4Editor-AudioCapture.dll (API version 3709383).
LogModuleManager: Display: Found up-to-date module file ../../../Engine/Plugins/Editor/FacialAnimation/Binaries/Win64/UE4Editor-FacialAnimation.dll (API version 3709383).
LogModuleManager: Display: Found up-to-date module file ../../../Engine/Plugins/Editor/FacialAnimation/Binaries/Win64/UE4Editor-FacialAnimationEditor.dll (API version 3709383).
LogModuleManager: Display: Found up-to-date module file ../../../Engine/Plugins/Editor/GameplayTagsEditor/Binaries/Win64/UE4Editor-GameplayTagsEditor.dll (API version 3709383).
LogModuleManager: Display: Found up-to-date module file ../../../Engine/Plugins/Editor/MobileLauncherProfileWizard/Binaries/Win64/UE4Editor-MobileLauncherProfileWizard.dll (API version 3709383).
LogModuleManager: Display: Found up-to-date module file ../../../Engine/Plugins/Editor/PluginBrowser/Binaries/Win64/UE4Editor-PluginBrowser.dll (API version 3709383).
LogModuleManager: Display: Found up-to-date module file ../../../Engine/Plugins/Editor/SpeedTreeImporter/Binaries/Win64/UE4Editor-SpeedTreeImporter.dll (API version 3709383).
LogModuleManager: Display: Found up-to-date module file ../../../Engine/Plugins/Experimental/AlembicImporter/Binaries/Win64/UE4Editor-AlembicImporter.dll (API version 3709383).
LogModuleManager: Display: Found up-to-date module file ../../../Engine/Plugins/Experimental/AlembicImporter/Binaries/Win64/UE4Editor-AlembicLibrary.dll (API version 3709383).
LogModuleManager: Display: Found up-to-date module file ../../../Engine/Plugins/Experimental/CharacterAI/Binaries/Win64/UE4Editor-CharacterAI.dll (API version 3709383).
LogModuleManager: Display: Found up-to-date module file ../../../Engine/Plugins/Experimental/HTML5Networking/Binaries/Win64/UE4Editor-HTML5Networking.dll (API version 3709383).
LogModuleManager: Display: Found up-to-date module file ../../../Engine/Plugins/Media/AndroidMedia/Binaries/Win64/UE4Editor-AndroidMediaEditor.dll (API version 3709383).
LogModuleManager: Display: Found up-to-date module file ../../../Engine/Plugins/Media/AndroidMedia/Binaries/Win64/UE4Editor-AndroidMediaFactory.dll (API version 3709383).
LogModuleManager: Display: Found up-to-date module file ../../../Engine/Plugins/Media/AvfMedia/Binaries/Win64/UE4Editor-AvfMediaEditor.dll (API version 3709383).
LogModuleManager: Display: Found up-to-date module file ../../../Engine/Plugins/Media/AvfMedia/Binaries/Win64/UE4Editor-AvfMediaFactory.dll (API version 3709383).
LogModuleManager: Display: Found up-to-date module file ../../../Engine/Plugins/Media/AvfMedia/Binaries/Win64/UE4Editor-AvfMediaFactory.dll (API version 3709383).
LogModuleManager: Display: Found up-to-date module file ../../../Engine/Plugins/Media/ImgMedia/Binaries/Win64/UE4Editor-ImgMedia.dll (API version 3709383).
LogModuleManager: Display: Found up-to-date module file ../../../Engine/Plugins/Media/ImgMedia/Binaries/Win64/UE4Editor-ImgMediaEditor.dll (API version 3709383).
LogModuleManager: Display: Found up-to-date module file ../../../Engine/Plugins/Media/ImgMedia/Binaries/Win64/UE4Editor-ImgMediaFactory.dll (API version 3709383).
LogModuleManager: Display: Found up-to-date module file ../../../Engine/Plugins/Media/ImgMedia/Binaries/Win64/UE4Editor-ImgMediaFactory.dll (API version 3709383).
LogModuleManager: Display: Found up-to-date module file ../../../Engine/Plugins/Media/ImgMedia/Binaries/Win64/UE4Editor-OpenExrWrapper.dll (API version 3709383).
LogModuleManager: Display: Found up-to-date module file ../../../Engine/Plugins/Media/MediaCompositing/Binaries/Win64/UE4Editor-MediaCompositing.dll (API version 3709383).
LogModuleManager: Display: Found up-to-date module file ../../../Engine/Plugins/Media/MediaCompositing/Binaries/Win64/UE4Editor-MediaCompositingEditor.dll (API version 3709383).
LogModuleManager: Display: Found up-to-date module file ../../../Engine/Plugins/Media/MediaPlayerEditor/Binaries/Win64/UE4Editor-MediaPlayerEditor.dll (API version 3709383).
LogModuleManager: Display: Found up-to-date module file ../../../Engine/Plugins/Media/WmfMedia/Binaries/Win64/UE4Editor-WmfMedia.dll (API version 3709383).
LogModuleManager: Display: Found up-to-date module file ../../../Engine/Plugins/Media/WmfMedia/Binaries/Win64/UE4Editor-WmfMediaEditor.dll (API version 3709383).
LogModuleManager: Display: Found up-to-date module file ../../../Engine/Plugins/Media/WmfMedia/Binaries/Win64/UE4Editor-WmfMediaFactory.dll (API version 3709383).
LogModuleManager: Display: Found up-to-date module file ../../../Engine/Plugins/Media/WmfMedia/Binaries/Win64/UE4Editor-WmfMediaFactory.dll (API version 3709383).
LogModuleManager: Display: Found up-to-date module file ../../../Engine/Plugins/Messaging/TcpMessaging/Binaries/Win64/UE4Editor-TcpMessaging.dll (API version 3709383).
LogModuleManager: Display: Found up-to-date module file ../../../Engine/Plugins/Messaging/UdpMessaging/Binaries/Win64/UE4Editor-UdpMessaging.dll (API version 3709383).
LogModuleManager: Display: Found up-to-date module file ../../../Engine/Plugins/MovieScene/ActorSequence/Binaries/Win64/UE4Editor-ActorSequence.dll (API version 3709383).
LogModuleManager: Display: Found up-to-date module file ../../../Engine/Plugins/MovieScene/LevelSequenceEditor/Binaries/Win64/UE4Editor-LevelSequenceEditor.dll (API version 3709383).
LogModuleManager: Display: Found up-to-date module file ../../../Engine/Plugins/MovieScene/MatineeToLevelSequence/Binaries/Win64/UE4Editor-MatineeToLevelSequence.dll (API version 3709383).
LogModuleManager: Display: Found up-to-date module file ../../../Engine/Plugins/Online/OnlineSubsystem/Binaries/Win64/UE4Editor-OnlineSubsystem.dll (API version 3709383).
LogModuleManager: Display: Found up-to-date module file ../../../Engine/Plugins/Runtime/AndroidPermission/Binaries/Win64/UE4Editor-AndroidPermission.dll (API version 3709383).
LogModuleManager: Display: Found up-to-date module file ../../../Engine/Plugins/Online/OnlineSubsystemNull/Binaries/Win64/UE4Editor-OnlineSubsystemNull.dll (API version 3709383).
LogModuleManager: Display: Found up-to-date module file ../../../Engine/Plugins/Online/OnlineSubsystemUtils/Binaries/Win64/UE4Editor-OnlineSubsystemUtils.dll (API version 3709383).
LogModuleManager: Display: Found up-to-date module file ../../../Engine/Plugins/Online/OnlineSubsystemUtils/Binaries/Win64/UE4Editor-OnlineBlueprintSupport.dll (API version 3709383).
LogModuleManager: Display: Found up-to-date module file ../../../Engine/Plugins/Runtime/AndroidDeviceProfileSelector/Binaries/Win64/UE4Editor-AndroidDeviceProfileSelector.dll (API version 3709383).
LogModuleManager: Display: Found up-to-date module file ../../../Engine/Plugins/Runtime/AppleARKit/Binaries/Win64/UE4Editor-AppleARKit.dll (API version 3709383).
LogModuleManager: Display: Found up-to-date module file ../../../Engine/Plugins/Runtime/ArchVisCharacter/Binaries/Win64/UE4Editor-ArchVisCharacter.dll (API version 3709383).
LogModuleManager: Display: Found up-to-date module file ../../../Engine/Plugins/Runtime/CableComponent/Binaries/Win64/UE4Editor-CableComponent.dll (API version 3709383).
LogModuleManager: Display: Found up-to-date module file ../../../Engine/Plugins/Runtime/CustomMeshComponent/Binaries/Win64/UE4Editor-CustomMeshComponent.dll (API version 3709383).
LogModuleManager: Display: Found up-to-date module file ../../../Engine/Plugins/Runtime/ExampleDeviceProfileSelector/Binaries/Win64/UE4Editor-ExampleDeviceProfileSelector.dll (API version 3709383).
LogModuleManager: Display: Found up-to-date module file ../../../Engine/Plugins/Runtime/ImmediatePhysics/Binaries/Win64/UE4Editor-ImmediatePhysics.dll (API version 3709383).
LogModuleManager: Display: Found up-to-date module file ../../../Engine/Plugins/Runtime/ImmediatePhysics/Binaries/Win64/UE4Editor-ImmediatePhysicsEditor.dll (API version 3709383).
LogModuleManager: Display: Found up-to-date module file ../../../Engine/Plugins/Runtime/LocationServicesBPLibrary/Binaries/Win64/UE4Editor-LocationServicesBPLibrary.dll (API version 3709383).
LogModuleManager: Display: Found up-to-date module file ../../../Engine/Plugins/Runtime/MobilePatchingUtils/Binaries/Win64/UE4Editor-MobilePatchingUtils.dll (API version 3709383).
LogModuleManager: Display: Found up-to-date module file ../../../Engine/Plugins/Runtime/Oculus/OculusVR/Binaries/Win64/UE4Editor-OculusHMD.dll (API version 3709383).
LogModuleManager: Display: Found up-to-date module file ../../../Engine/Plugins/Runtime/Oculus/OculusVR/Binaries/Win64/UE4Editor-OculusInput.dll (API version 3709383).
LogModuleManager: Display: Found up-to-date module file ../../../Engine/Plugins/Runtime/Oculus/OculusVR/Binaries/Win64/UE4Editor-OculusEditor.dll (API version 3709383).
LogModuleManager: Display: Found up-to-date module file ../../../Engine/Plugins/Runtime/PhysXVehicles/Binaries/Win64/UE4Editor-PhysXVehicles.dll (API version 3709383).
LogModuleManager: Display: Found up-to-date module file ../../../Engine/Plugins/Runtime/PhysXVehicles/Binaries/Win64/UE4Editor-PhysXVehiclesEditor.dll (API version 3709383).
LogModuleManager: Display: Found up-to-date module file ../../../Engine/Plugins/Runtime/ProceduralMeshComponent/Binaries/Win64/UE4Editor-ProceduralMeshComponent.dll (API version 3709383).
LogModuleManager: Display: Found up-to-date module file ../../../Engine/Plugins/Runtime/ProceduralMeshComponent/Binaries/Win64/UE4Editor-ProceduralMeshComponentEditor.dll (API version 3709383).
LogModuleManager: Display: Found up-to-date module file ../../../Engine/Plugins/Runtime/RuntimePhysXCooking/Binaries/Win64/UE4Editor-RuntimePhysXCooking.dll (API version 3709383).
LogModuleManager: Display: Found up-to-date module file ../../../Engine/Plugins/Runtime/Steam/SteamVR/Binaries/Win64/UE4Editor-SteamVR.dll (API version 3709383).
LogModuleManager: Display: Found up-to-date module file ../../../Engine/Plugins/Runtime/Steam/SteamVR/Binaries/Win64/UE4Editor-SteamVRController.dll (API version 3709383).
LogModuleManager: Display: Found up-to-date module file ../../../Engine/Plugins/Runtime/WindowsMoviePlayer/Binaries/Win64/UE4Editor-WindowsMoviePlayer.dll (API version 3709383).
LogModuleManager: Display: Found up-to-date module file ../../../../../../Users/Jeff Brihante/Desktop/GitHub/ProjectConan/Conan/Plugins/Wwise/Binaries/Win64/UE4Editor-AkAudio.dll (API version 3709383).
LogModuleManager: Display: Found up-to-date module file ../../../../../../Users/Jeff Brihante/Desktop/GitHub/ProjectConan/Conan/Plugins/Wwise/Binaries/Win64/UE4Editor-AudiokineticTools.dll (API version 3709383).
LogPluginManager: Mounting plugin Paper2D
LogPluginManager: Mounting plugin LightPropagationVolume
LogPluginManager: Mounting plugin CodeLiteSourceCodeAccess
LogPluginManager: Mounting plugin GitSourceControl
LogPluginManager: Mounting plugin KDevelopSourceCodeAccess
LogPluginManager: Mounting plugin NullSourceCodeAccess
LogPluginManager: Mounting plugin PerforceSourceControl
LogPluginManager: Mounting plugin SubversionSourceControl
LogPluginManager: Mounting plugin UObjectPlugin
LogPluginManager: Mounting plugin VisualStudioCodeSourceCodeAccess
LogPluginManager: Mounting plugin VisualStudioSourceCodeAccess
LogPluginManager: Mounting plugin XCodeSourceCodeAccess
LogPluginManager: Mounting plugin AssetManagerEditor
LogPluginManager: Mounting plugin AudioCapture
LogPluginManager: Mounting plugin FacialAnimation
LogPluginManager: Mounting plugin GameplayTagsEditor
LogPluginManager: Mounting plugin MobileLauncherProfileWizard
LogPluginManager: Mounting plugin PluginBrowser
LogPluginManager: Mounting plugin SpeedTreeImporter
LogPluginManager: Mounting plugin AlembicImporter
LogPluginManager: Mounting plugin CharacterAI
LogPluginManager: Mounting plugin HTML5Networking
LogPluginManager: Mounting plugin AndroidMedia
LogPluginManager: Mounting plugin AvfMedia
LogPluginManager: Mounting plugin ImgMedia
LogPluginManager: Mounting plugin MediaCompositing
LogPluginManager: Mounting plugin MediaPlayerEditor
LogPluginManager: Mounting plugin WmfMedia
LogPluginManager: Mounting plugin TcpMessaging
LogPluginManager: Mounting plugin UdpMessaging
LogPluginManager: Mounting plugin ActorSequence
LogPluginManager: Mounting plugin LevelSequenceEditor
LogPluginManager: Mounting plugin MatineeToLevelSequence
LogPluginManager: Mounting plugin OnlineSubsystemGooglePlay
LogPluginManager: Mounting plugin OnlineSubsystemIOS
LogPluginManager: Mounting plugin OnlineSubsystem
LogPluginManager: Mounting plugin OnlineSubsystemNull
LogPluginManager: Mounting plugin OnlineSubsystemUtils
LogPluginManager: Mounting plugin AndroidDeviceProfileSelector
LogPluginManager: Mounting plugin AndroidMoviePlayer
LogPluginManager: Mounting plugin AndroidPermission
LogPluginManager: Mounting plugin AppleARKit
LogPluginManager: Mounting plugin AppleMoviePlayer
LogPluginManager: Mounting plugin ArchVisCharacter
LogPluginManager: Mounting plugin CableComponent
LogPluginManager: Mounting plugin CustomMeshComponent
LogPluginManager: Mounting plugin ExampleDeviceProfileSelector
LogPluginManager: Mounting plugin GoogleCloudMessaging
LogPluginManager: Mounting plugin ImmediatePhysics
LogPluginManager: Mounting plugin IOSDeviceProfileSelector
LogPluginManager: Mounting plugin LinuxDeviceProfileSelector
LogPluginManager: Mounting plugin LocationServicesBPLibrary
LogPluginManager: Mounting plugin MobilePatchingUtils
LogPluginManager: Mounting plugin OculusVR
LogPluginManager: Plugin shader directory ../../../Engine/Plugins/Runtime/Oculus/OculusVR/Shaders found
LogPluginManager: Mapping shader source directory ../../../Engine/Plugins/Runtime/Oculus/OculusVR/Shaders to virtual directory /Plugin/OculusVR
LogPluginManager: Mounting plugin PhysXVehicles
LogPluginManager: Mounting plugin ProceduralMeshComponent
LogPluginManager: Mounting plugin RuntimePhysXCooking
LogPluginManager: Mounting plugin SteamVR
LogPluginManager: Mounting plugin WindowsMoviePlayer
LogPluginManager: Mounting plugin Wwise
LogInit: Using libcurl 7.47.1
LogInit:  - built for x86_64-pc-win32
LogInit:  - supports SSL with OpenSSL/1.0.2g
LogInit:  - supports HTTP deflate (compression) using libz 1.2.8
LogInit:  - other features:
LogInit:      CURL_VERSION_SSL
LogInit:      CURL_VERSION_LIBZ
LogInit:      CURL_VERSION_IPV6
LogInit:      CURL_VERSION_ASYNCHDNS
LogInit:      CURL_VERSION_LARGEFILE
LogInit:      CURL_VERSION_IDN
LogInit:  CurlRequestOptions (configurable via config and command line):
LogInit:  - bVerifyPeer = false  - Libcurl will NOT verify peer certificate
LogInit:  - bUseHttpProxy = false  - Libcurl will NOT use HTTP proxy
LogInit:  - bDontReuseConnections = false  - Libcurl will reuse connections
LogInit:  - CertBundlePath = nullptr  - Libcurl will use whatever was configured at build time.
LogInit: Build: ++UE4+Release-4.18-CL-3832480
LogInit: Engine Version: 4.18.3-3832480+++UE4+Release-4.18
LogInit: Compatible Engine Version: 4.18.0-3709383+++UE4+Release-4.18
LogInit: Net CL: 3709383
LogDevObjectVersion: Number of dev versions registered: 16
LogDevObjectVersion:   Dev-Blueprints (B0D832E4-1F89-4F0D-ACCF-7EB736FD4AA2): 10
LogDevObjectVersion:   Dev-Build (E1C64328-A22C-4D53-A36C-8E866417BD8C): 0
LogDevObjectVersion:   Dev-Core (375EC13C-06E4-48FB-B500-84F0262A717E): 2
LogDevObjectVersion:   Dev-Editor (E4B068ED-F494-42E9-A231-DA0B2E46BB41): 20
LogDevObjectVersion:   Dev-Framework (CFFC743F-43B0-4480-9391-14DF171D2073): 30
LogDevObjectVersion:   Dev-Mobile (B02B49B5-BB20-44E9-A304-32B752E40360): 0
LogDevObjectVersion:   Dev-Networking (A4E4105C-59A1-49B5-A7C5-40C4547EDFEE): 0
LogDevObjectVersion:   Dev-Online (39C831C9-5AE6-47DC-9A44-9C173E1C8E7C): 0
LogDevObjectVersion:   Dev-Physics (78F01B33-EBEA-4F98-B9B4-84EACCB95AA2): 0
LogDevObjectVersion:   Dev-Platform (6631380F-2D4D-43E0-8009-CF276956A95A): 0
LogDevObjectVersion:   Dev-Rendering (12F88B9F-8875-4AFC-A67C-D90C383ABD29): 20
LogDevObjectVersion:   Dev-Sequencer (7B5AE74C-D270-4C10-A958-57980B212A5A): 4
LogDevObjectVersion:   Dev-VR (D7296918-1DD6-4BDD-9DE2-64A83CC13884): 0
LogDevObjectVersion:   Dev-LoadTimes (C2A15278-BFE7-4AFE-6C17-90FF531DF755): 1
LogDevObjectVersion:   Private-Geometry (6EACA3D4-40EC-4CC1-B786-8BED09428FC5): 1
LogDevObjectVersion:   Dev-AnimPhys (29E575DD-E0A3-4627-9D10-D276232CDCEA): 12
LogInit: Compiled (64-bit): Jan 12 2018 02:04:55
LogInit: Compiled with Visual C++: 19.00.24215.01
LogInit: Build Configuration: Development
LogInit: Branch Name: ++UE4+Release-4.18
LogInit: Command line:  
LogInit: Base directory: C:/Program Files/Epic Games/UE_4.18/Engine/Binaries/Win64/
LogInit: Installed Engine Build: 1
LogInit: Presizing for max 8388607 objects, including 0 objects not considered by GC, pre-allocating 0 bytes for permanent pool.
LogInit: Object subsystem initialized
[2018.02.11-18.52.38:485][  0]LogInit: Selected Device Profile: [Windows]
[2018.02.11-18.52.38:485][  0]LogInit: Applying CVar settings loaded from the selected device profile: [Windows]
[2018.02.11-18.52.38:500][  0]LogInit: Computer: DESKTOP-F2J1SG6
[2018.02.11-18.52.38:500][  0]LogInit: User: JeffBrihante
[2018.02.11-18.52.38:500][  0]LogInit: CPU Page size=4096, Cores=6
[2018.02.11-18.52.38:500][  0]LogInit: High frequency timer resolution =3.222655 MHz
[2018.02.11-18.52.38:500][  0]LogMemory: Memory total: Physical=31.9GB (32GB approx)
[2018.02.11-18.52.38:500][  0]LogMemory: Platform Memory Stats for Windows
[2018.02.11-18.52.38:500][  0]LogMemory: Process Physical Memory: 275.29 MB used, 275.29 MB peak
[2018.02.11-18.52.38:500][  0]LogMemory: Process Virtual Memory: 271.62 MB used, 271.62 MB peak
[2018.02.11-18.52.38:500][  0]LogMemory: Physical Memory: 13005.75 MB used,  19657.57 MB free, 32663.32 MB total
[2018.02.11-18.52.38:500][  0]LogMemory: Virtual Memory: 680.14 MB used,  19657.57 MB free, 134217728.00 MB total
[2018.02.11-18.52.38:788][  0]LogInit: Using OS detected language (en-US).
[2018.02.11-18.52.38:788][  0]LogInit: Using OS detected locale (en-US).
[2018.02.11-18.52.38:794][  0]LogTextLocalizationManager: No specific localization for 'en-US' exists, so the 'en' localization will be used.
[2018.02.11-18.52.39:253][  0]LogInit: Setting process to per monitor DPI aware
[2018.02.11-18.52.39:714][  0]LogD3D11RHI: D3D11 adapters:
[2018.02.11-18.52.39:774][  0]LogD3D11RHI:    0. 'NVIDIA GeForce GTX 970' (Feature Level 11_0)
[2018.02.11-18.52.39:774][  0]LogD3D11RHI:       4058/0/16331 MB DedicatedVideo/DedicatedSystem/SharedSystem, Outputs:2, VendorId:0x10de
[2018.02.11-18.52.39:777][  0]LogD3D11RHI:    1. 'Microsoft Basic Render Driver' (Feature Level 11_0)
[2018.02.11-18.52.39:777][  0]LogD3D11RHI:       0/0/16331 MB DedicatedVideo/DedicatedSystem/SharedSystem, Outputs:0, VendorId:0x1414
[2018.02.11-18.52.39:777][  0]LogD3D11RHI: Chosen D3D11 Adapter: 0
[2018.02.11-18.52.39:789][  0]LogD3D11RHI: Creating new Direct3DDevice
[2018.02.11-18.52.39:789][  0]LogD3D11RHI:     GPU DeviceId: 0x13c2 (for the marketing name, search the web for "GPU Device Id")
[2018.02.11-18.52.39:789][  0]LogWindows: EnumDisplayDevices:
[2018.02.11-18.52.39:790][  0]LogWindows:    0. 'NVIDIA GeForce GTX 970' (P:1 D:1)
[2018.02.11-18.52.39:790][  0]LogWindows:    1. 'NVIDIA GeForce GTX 970' (P:0 D:1)
[2018.02.11-18.52.39:790][  0]LogWindows:    2. 'NVIDIA GeForce GTX 970' (P:0 D:0)
[2018.02.11-18.52.39:790][  0]LogWindows:    3. 'NVIDIA GeForce GTX 970' (P:0 D:0)
[2018.02.11-18.52.39:790][  0]LogWindows: DebugString: GetVideoDriverDetailsInvalid PrimaryIsNotTheChoosenAdapter GetVideoDriverDetailsInvalid PrimaryIsNotTheChoosenAdapter GetVideoDriverDetailsInvalid PrimaryIsNotTheChoosenAdapter GetVideoDriverDetailsInvalid PrimaryIsNotTheChoosenAdapter FoundDriverCount:0 
[2018.02.11-18.52.39:790][  0]LogD3D11RHI:     Adapter Name: NVIDIA GeForce GTX 970
[2018.02.11-18.52.39:790][  0]LogD3D11RHI:   Driver Version: Unknown (internal:Unknown, unified:Unknown)
[2018.02.11-18.52.39:790][  0]LogD3D11RHI:      Driver Date: Unknown
[2018.02.11-18.52.39:790][  0]LogRHI: Texture pool is 2840 MB (70% of 4058 MB)
[2018.02.11-18.52.39:829][  0]LogD3D11RHI: Async texture creation enabled
[2018.02.11-18.52.39:905][  0]LogD3D11RHI: GPU Timing Frequency: 1000.000000 (Debug: 2 1)
[2018.02.11-18.52.39:959][  0]LogShaderCompilers: Guid format shader working directory is -17 characters bigger than the processId version (../../../../../../Users/Jeff Brihante/Desktop/GitHub/ProjectConan/Conan/Intermediate/Shaders/WorkingDirectory/5268/).
[2018.02.11-18.52.39:959][  0]LogShaderCompilers: Cleaned the shader compiler working directory 'C:/Users/Jeff Brihante/AppData/Local/Temp/UnrealShaderWorkingDir/5B8A8C2E47D65B55ABBBA0A2521A1B62/'.
[2018.02.11-18.52.39:959][  0]LogShaderCompilers: Display: Using Local Shader Compiler.
[2018.02.11-18.52.41:218][  0]LogTemp: Display: Loaded TP AllDesktopTargetPlatform
[2018.02.11-18.52.41:289][  0]LogTemp: Display: Loaded TP MacClientTargetPlatform
[2018.02.11-18.52.41:359][  0]LogTemp: Display: Loaded TP MacNoEditorTargetPlatform
[2018.02.11-18.52.41:429][  0]LogTemp: Display: Loaded TP MacServerTargetPlatform
[2018.02.11-18.52.41:501][  0]LogTemp: Display: Loaded TP MacTargetPlatform
[2018.02.11-18.52.41:570][  0]LogTemp: Display: Loaded TP WindowsClientTargetPlatform
[2018.02.11-18.52.41:637][  0]LogTemp: Display: Loaded TP WindowsNoEditorTargetPlatform
[2018.02.11-18.52.41:708][  0]LogTemp: Display: Loaded TP WindowsServerTargetPlatform
[2018.02.11-18.52.41:772][  0]LogTemp: Display: Loaded TP WindowsTargetPlatform
[2018.02.11-18.52.41:842][  0]LogTemp: Display: Loaded TP Android_ASTCTargetPlatform
[2018.02.11-18.52.41:911][  0]LogTemp: Display: Loaded TP Android_ATCTargetPlatform
[2018.02.11-18.52.41:977][  0]LogTemp: Display: Loaded TP Android_DXTTargetPlatform
[2018.02.11-18.52.42:046][  0]LogTemp: Display: Loaded TP Android_ETC1TargetPlatform
[2018.02.11-18.52.42:117][  0]LogTemp: Display: Loaded TP Android_ETC2TargetPlatform
[2018.02.11-18.52.42:261][  0]LogTemp: Display: Loaded TP Android_MultiTargetPlatform
[2018.02.11-18.52.42:261][  0]LogTemp: Display: Loaded TP Android_PVRTCTargetPlatform
[2018.02.11-18.52.42:330][  0]LogTemp: Display: Loaded TP AndroidTargetPlatform
[2018.02.11-18.52.42:386][  0]LogTemp: Display: Loaded TP HTML5TargetPlatform
[2018.02.11-18.52.42:505][  0]LogTemp: Display: Loaded TP IOSTargetPlatform
[2018.02.11-18.52.42:540][  0]LogTemp: Display: Loaded TP TVOSTargetPlatform
[2018.02.11-18.52.42:609][  0]LogTemp: Display: Loaded TP LinuxClientTargetPlatform
[2018.02.11-18.52.42:695][  0]LogTemp: Display: Loaded TP LinuxNoEditorTargetPlatform
[2018.02.11-18.52.42:764][  0]LogTemp: Display: Loaded TP LinuxServerTargetPlatform
[2018.02.11-18.52.42:832][  0]LogTemp: Display: Loaded TP LinuxTargetPlatform
[2018.02.11-18.52.42:832][  0]LogTargetPlatformManager: Display: Building Assets For Windows
[2018.02.11-18.52.43:511][  0]LogDerivedDataCache: Display: Max Cache Size: 512 MB
[2018.02.11-18.52.43:841][  0]LogDerivedDataCache: Loaded boot cache 0.33s 79MB C:/Users/Jeff Brihante/AppData/Local/UnrealEngine/4.18/DerivedDataCache/Boot.ddc.
[2018.02.11-18.52.43:841][  0]LogDerivedDataCache: Display: Loaded Boot cache: C:/Users/Jeff Brihante/AppData/Local/UnrealEngine/4.18/DerivedDataCache/Boot.ddc
[2018.02.11-18.52.43:841][  0]LogDerivedDataCache: FDerivedDataBackendGraph:  Pak pak cache file ../../../../../../Users/Jeff Brihante/Desktop/GitHub/ProjectConan/Conan/DerivedDataCache/DDC.ddp not found, will not use a pak cache.
[2018.02.11-18.52.43:841][  0]LogDerivedDataCache: Unable to find inner node Pak for hierarchical cache Hierarchy.
[2018.02.11-18.52.43:841][  0]LogDerivedDataCache: FDerivedDataBackendGraph:  CompressedPak pak cache file ../../../../../../Users/Jeff Brihante/Desktop/GitHub/ProjectConan/Conan/DerivedDataCache/Compressed.ddp not found, will not use a pak cache.
[2018.02.11-18.52.43:841][  0]LogDerivedDataCache: Unable to find inner node CompressedPak for hierarchical cache Hierarchy.
[2018.02.11-18.52.43:860][  0]LogDerivedDataCache: Display: Pak cache opened for reading ../../../Engine/DerivedDataCache/Compressed.ddp.
[2018.02.11-18.52.43:873][  0]LogDerivedDataCache: Using Local data cache path C:/Users/Jeff Brihante/AppData/Local/UnrealEngine/Common/DerivedDataCache: Writable
[2018.02.11-18.52.43:886][  0]LogMaterial: Verifying Global Shaders for PCD3D_SM5
[2018.02.11-18.52.43:890][  0]LogSlate: Using Freetype 2.6.0
[2018.02.11-18.52.43:892][  0]LogSlate: SlateFontCache - WITH_FREETYPE: 1, WITH_HARFBUZZ: 1
[2018.02.11-18.52.43:892][  0]LogSlate: SlateFontCache - WITH_FREETYPE: 1, WITH_HARFBUZZ: 1
[2018.02.11-18.52.44:577][  0]LogInit: Selected Device Profile: [Windows]
[2018.02.11-18.52.45:077][  0]LogSimplygon: Simplygon DLL not present - disabling.
[2018.02.11-18.52.45:135][  0]LogMeshReduction: Using SimplygonSwarm for distributed automatic mesh merging
[2018.02.11-18.52.45:136][  0]LogMeshReduction: Using QuadricMeshReduction for automatic static mesh reduction
[2018.02.11-18.52.45:136][  0]LogMeshReduction: No automatic skeletal mesh reduction module available
[2018.02.11-18.52.45:136][  0]LogMeshReduction: No automatic mesh merging module available
[2018.02.11-18.52.45:136][  0]LogMeshMerging: No automatic mesh merging module available
[2018.02.11-18.52.45:188][  0]LogNetVersion: Conan , NetCL: 3709383, EngineNetVer: 2, GameNetVer: 0 (Checksum: 3959562686)
[2018.02.11-18.52.45:434][  0]LogAssetRegistry: FAssetRegistry took 0.0287 seconds to start up
[2018.02.11-18.52.46:214][  0]LogPackageLocalizationCache: Processed 8 localized package path(s) for 2 prioritized culture(s) in 0.097860 seconds
[2018.02.11-18.52.46:220][  0]LogUObjectArray: 35870 objects as part of root set at end of initial load.
[2018.02.11-18.52.46:220][  0]LogUObjectAllocator: 7363696 out of 0 bytes used by permanent object pool.
[2018.02.11-18.52.46:220][  0]LogUObjectArray: CloseDisregardForGC: 0/0 objects in disregard for GC pool
[2018.02.11-18.52.46:297][  0]LogInit: WinSock: version 1.1 (2.2), MaxSocks=32767, MaxUdp=65467
[2018.02.11-18.52.50:585][  0]LogTcpMessaging: Initializing TcpMessaging bridge
[2018.02.11-18.52.50:638][  0]LogUdpMessaging: Initializing bridge on interface 0.0.0.0:0 to multicast group 230.0.0.1:6666.
[2018.02.11-18.52.51:416][  0]LogAkAudio: Wwise(R) SDK Version 2017.2.1 Build 6524. Copyright (c) 2006-2017 Audiokinetic Inc.
[2018.02.11-18.52.51:472][  0]LogInit: Audiokinetic Audio Device setting bank directory to ../../../../../../Users/Jeff Brihante/Desktop/GitHub/ProjectConan/Conan/Content/WwiseAudio/Windows/.
[2018.02.11-18.52.51:726][  0]LogMaterial: Uniform references updated for custom material expression Custom.
[2018.02.11-18.52.51:901][  0]LogInit: Audiokinetic Audio Device initialized.
[2018.02.11-18.52.52:085][  0]LogAkAudio: SoundFrame successfully connected.
[2018.02.11-18.52.52:441][  0]SourceControl: Source control is disabled
[2018.02.11-18.52.52:441][  0]SourceControl: Source control is disabled
[2018.02.11-18.52.52:521][  0]SourceControl: Source control is disabled
[2018.02.11-18.52.52:594][  0]SourceControl: Source control is disabled
[2018.02.11-18.52.53:791][  0]LogAndroidPermission: UAndroidPermissionCallbackProxy::GetInstance
[2018.02.11-18.52.54:195][  0]LogOcInput: OculusInput pre-init called
[2018.02.11-18.52.54:631][  0]LogEngine: Initializing Engine...
[2018.02.11-18.52.54:638][  0]LogHMD: Failed to initialize OpenVR with code 110
[2018.02.11-18.52.54:928][  0]LogStats: UGameplayTagsManager::ConstructGameplayTagTree: Construct from data asset -  0.000 s
[2018.02.11-18.52.54:929][  0]LogStats: UGameplayTagsManager::ConstructGameplayTagTree: GameplayTagTreeChangedEvent.Broadcast -  0.000 s
[2018.02.11-18.52.55:135][  0]LogAIModule: Creating AISystem for world Untitled
[2018.02.11-18.52.55:175][  0]LogInit: XAudio2 using 'Main Output (Komplete Audio 6 WDM Audio)' : 2 channels at 48 kHz using 32 bits per sample (channel mask 0x3)
[2018.02.11-18.52.55:188][  0]LogInit: FAudioDevice initialized.
[2018.02.11-18.52.55:280][  0]LogDerivedDataCache: Saved boot cache 0.09s 79MB C:/Users/Jeff Brihante/AppData/Local/UnrealEngine/4.18/DerivedDataCache/Boot.ddc.
[2018.02.11-18.52.55:299][  0]LogInit: Texture streaming: Enabled
[2018.02.11-18.52.55:452][  0]LogEngineSessionManager: EngineSessionManager initialized
[2018.02.11-18.52.55:644][  0]LogInit: Transaction tracking system initialized
[2018.02.11-18.52.56:107][  0]BlueprintLog: New page: Editor Load
[2018.02.11-18.52.57:443][  0]LocalizationService: Localization service is disabled
[2018.02.11-18.52.58:501][  0]LogConsoleResponse: Display: 
[2018.02.11-18.52.58:753][  0]LogFileCache: Scanning file cache for directory 'C:/Users/Jeff Brihante/Desktop/GitHub/ProjectConan/Conan/Content/' took 0.01s
[2018.02.11-18.52.58:753][  0]LogCook: Display: Max memory allowance for cook 16384mb min free memory 0mb
[2018.02.11-18.52.58:754][  0]LogCook: Display: Mobile HDR setting 1
[2018.02.11-18.52.58:754][  0]LogGameplayTags: Display: UGameplayTagsManager::DoneAddingNativeTags. DelegateIsBound: 0
[2018.02.11-18.53.00:544][  0]SourceControl: Source control is disabled
[2018.02.11-18.53.00:546][  0]Cmd: MAP LOAD FILE="../../../Engine/Content/Maps/Templates/Template_Default.umap" TEMPLATE=1 SHOWPROGRESS=1 FEATURELEVEL=3
[2018.02.11-18.53.00:548][  0]LightingResults: New page: Lighting Build
[2018.02.11-18.53.00:615][  0]MapCheck: New page: Map Check
[2018.02.11-18.53.00:615][  0]LightingResults: New page: Lighting Build
[2018.02.11-18.53.00:956][  0]LogAIModule: Creating AISystem for world Untitled_1
[2018.02.11-18.53.00:977][  0]LogEditorServer: Finished looking for orphan Actors (0.000 secs)
[2018.02.11-18.53.01:002][  0]Cmd: MAP CHECKDEP NOCLEARLOG
[2018.02.11-18.53.01:077][  0]MapCheck: Map check complete: 0 Error(s), 0 Warning(s), took 74.645ms to complete.
[2018.02.11-18.53.01:078][  0]LogFileHelpers: Loading map 'Template_Default' took 0.532
[2018.02.11-18.53.01:300][  0]LogCollectionManager: Loaded 0 collections in 0.002224 seconds
[2018.02.11-18.53.01:422][  0]LogFileCache: Scanning file cache for directory 'C:/Users/Jeff Brihante/Desktop/GitHub/ProjectConan/Conan/Saved/Collections/' took 0.01s
[2018.02.11-18.53.01:422][  0]LogFileCache: Scanning file cache for directory 'C:/Users/Jeff Brihante/Desktop/GitHub/ProjectConan/Conan/Content/Developers/JeffBrihante/Collections/' took 0.01s
[2018.02.11-18.53.01:422][  0]LogFileCache: Scanning file cache for directory 'C:/Users/Jeff Brihante/Desktop/GitHub/ProjectConan/Conan/Content/Collections/' took 0.01s
[2018.02.11-18.53.01:422][  0]LogCollectionManager: Rebuilt the GUID cache for 0 collections in 0.000001 seconds
[2018.02.11-18.53.01:433][  0]LogContentBrowser: Native class hierarchy populated in 0.0099 seconds. Added 2423 classes and 529 folders.
[2018.02.11-18.53.01:525][  0]LogContentBrowser: Native class hierarchy updated for 'WidgetCarousel' in 0.0003 seconds. Added 0 classes and 0 folders.
[2018.02.11-18.53.01:621][  0]LogContentBrowser: Native class hierarchy updated for 'AddContentDialog' in 0.0002 seconds. Added 0 classes and 0 folders.
[2018.02.11-18.53.01:689][  0]LogContentBrowser: Native class hierarchy updated for 'SceneOutliner' in 0.0003 seconds. Added 1 classes and 2 folders.
[2018.02.11-18.53.01:748][  0]LogSlate: Took 0.001229 seconds to synchronously load lazily loaded font '../../../Engine/Content/Slate/Fonts/Roboto-Regular.ttf' (155K)
[2018.02.11-18.53.01:752][  0]LogSlate: Took 0.001316 seconds to synchronously load lazily loaded font '../../../Engine/Content/Slate/Fonts/Roboto-Bold.ttf' (160K)
[2018.02.11-18.53.01:761][  0]LogSlate: Took 0.001239 seconds to synchronously load lazily loaded font '../../../Engine/Content/Editor/Slate/Fonts/FontAwesome.ttf' (139K)
[2018.02.11-18.53.01:880][  0]LogRenderer: Reallocating scene render targets to support 1208x608 Format 10 NumSamples 1 (Frame:1).
[2018.02.11-18.53.02:107][  0]LogContentBrowser: Native class hierarchy updated for 'HierarchicalLODOutliner' in 0.0002 seconds. Added 1 classes and 2 folders.
[2018.02.11-18.53.02:107][  0]LogLoad: (Engine Initialization) Total time: 27.44 seconds
[2018.02.11-18.53.02:107][  0]LogLoad: (Engine Initialization) Total Blueprint compile time: 0.00 seconds
[2018.02.11-18.53.02:107][  0]LogExternalProfiler: Found external profiler: VSPerf
[2018.02.11-18.53.02:107][  0]LogExternalProfiler: Using external profiler: VSPerf
[2018.02.11-18.53.02:120][  0]Cmd: ACTOR HIDE SELECTED
[2018.02.11-18.53.02:124][  0]LogWindowsTextInputMethodSystem: Display: IME system now deactivated.
[2018.02.11-18.53.02:149][  0]LogContentStreaming: Texture pool size now 1000 MB
[2018.02.11-18.53.02:206][  1]LogAssetRegistry: Asset discovery search completed in 16.7939 seconds
[2018.02.11-18.53.02:221][  1]LogCollectionManager: Rebuilt the object cache for 0 collections in 0.000000 seconds (found 0 objects)
[2018.02.11-18.53.02:222][  1]LogCollectionManager: Fixed up redirectors for 0 collections in 0.000288 seconds (updated 0 objects)
[2018.02.11-18.53.02:244][  2]Cmd: ACTOR HIDE SELECTED
[2018.02.11-18.53.06:321][212]LogSlate: Took 0.001231 seconds to synchronously load lazily loaded font '../../../Engine/Content/Slate/Fonts/Roboto-Light.ttf' (159K)
[2018.02.11-18.53.29:299][341]LogTemp: Repeating last play command: Selected Viewport
[2018.02.11-18.53.29:321][341]LogPlayLevel: PlayLevel: No blueprints needed recompiling
[2018.02.11-18.53.29:323][341]PIE: New page: PIE session: Untitled_1 (Feb 11, 2018, 2:53:29 AM)
[2018.02.11-18.53.29:324][341]LogPlayLevel: Creating play world package: /Temp/UEDPIE_0_Untitled_1
[2018.02.11-18.53.29:328][341]LogPlayLevel: PIE: StaticDuplicateObject took: (0.004753s)
[2018.02.11-18.53.29:329][341]LogAIModule: Creating AISystem for world Untitled_1
[2018.02.11-18.53.29:330][341]LogPlayLevel: PIE: World Init took: (0.001101s)
[2018.02.11-18.53.29:330][341]LogPlayLevel: PIE: Created PIE world by copying editor world from /Temp/Untitled_1.Untitled_1 to /Temp/UEDPIE_0_Untitled_1.Untitled_1 (0.006428s)
[2018.02.11-18.53.29:365][341]LogInit: XAudio2 using 'Main Output (Komplete Audio 6 WDM Audio)' : 2 channels at 48 kHz using 32 bits per sample (channel mask 0x3)
[2018.02.11-18.53.29:370][341]LogInit: FAudioDevice initialized.
[2018.02.11-18.53.29:417][341]LogLoad: Game class is 'GameModeBase'
[2018.02.11-18.53.29:420][341]LogWorld: Bringing World /Temp/UEDPIE_0_Untitled_1.Untitled_1 up for play (max tick rate 0) at 2018.02.11-10.53.29
[2018.02.11-18.53.29:421][341]LogWorld: Bringing up level for play took: 0.001574
[2018.02.11-18.53.29:487][341]LogContentBrowser: Native class hierarchy updated for 'MovieSceneCapture' in 0.0005 seconds. Added 11 classes and 0 folders.
[2018.02.11-18.53.29:490][341]PIE: Play in editor start time for /Temp/UEDPIE_0_Untitled_1 -0.232
[2018.02.11-18.53.42:421][842]LogSlate: Took 0.000195 seconds to synchronously load lazily loaded font '../../../Engine/Content/Slate/Fonts/Roboto-Light.ttf' (159K)
[2018.02.11-18.53.53:540][148]LogAk: Starting Wwise SoundBank generation with the following command line:
[2018.02.11-18.53.53:540][148]LogAk: C:\Program Files (x86)\Audiokinetic\Wwise 2017.2.1.6524\Authoring\x64\Release\bin\WwiseCLI.exe  "C:/Users/Jeff Brihante/Desktop/GitHub/ProjectConan/Conan/Conan_WwiseProject/Conan_WwiseProject.wproj" -GenerateSoundBanks -Bank Main -ImportDefinitionFile "C:/Users/Jeff Brihante/Desktop/GitHub/ProjectConan/Conan/TempDefinitionFile.txt" -Platform Windows -SoundBankPath Windows "C:\Users\Jeff Brihante\Desktop\GitHub\ProjectConan\Conan\Content\WwiseAudio\Windows"
[2018.02.11-18.53.53:906][148]LogAk: 
Wwise | v2017.2.1 | Build no.6524 | (C) 2006-2018. Audiokinetic Inc. All rights reserved.


*** Loading Project ***


[2018.02.11-18.53.54:157][148]LogAk: 
*** Importing SoundBank definition ***


*** Bank Generation ***

Warning	2	Media 'SFX\ATMOS TEst_F17FB28C.wem' is duplicated in 2 SoundBanks: 'Main', 'MainBank'.	Windows	SFX\ATMOS TEst_F17FB28C.wem	Main	MainBank

Process completed with warning(s).

[2018.02.11-18.53.54:157][148]LogAk: Warning: Wwise command-line completed with warnings.
[2018.02.11-18.53.55:052][238]LogTemp: Repeating last play command: Selected Viewport
[2018.02.11-18.53.55:064][238]LogPlayLevel: PlayLevel: No blueprints needed recompiling
[2018.02.11-18.53.55:064][238]PIE: New page: PIE session: Untitled_1 (Feb 11, 2018, 2:53:55 AM)
[2018.02.11-18.53.55:064][238]LogPlayLevel: Creating play world package: /Temp/UEDPIE_0_Untitled_1
[2018.02.11-18.53.55:069][238]LogPlayLevel: PIE: StaticDuplicateObject took: (0.004964s)
[2018.02.11-18.53.55:069][238]LogAIModule: Creating AISystem for world Untitled_1
[2018.02.11-18.53.55:070][238]LogPlayLevel: PIE: World Init took: (0.000686s)
[2018.02.11-18.53.55:070][238]LogPlayLevel: PIE: Created PIE world by copying editor world from /Temp/Untitled_1.Untitled_1 to /Temp/UEDPIE_0_Untitled_1.Untitled_1 (0.005891s)
[2018.02.11-18.53.55:105][238]LogInit: XAudio2 using 'Main Output (Komplete Audio 6 WDM Audio)' : 2 channels at 48 kHz using 32 bits per sample (channel mask 0x3)
[2018.02.11-18.53.55:110][238]LogInit: FAudioDevice initialized.
[2018.02.11-18.53.55:143][238]LogLoad: Game class is 'GameModeBase'
[2018.02.11-18.53.55:144][238]LogWorld: Bringing World /Temp/UEDPIE_0_Untitled_1.Untitled_1 up for play (max tick rate 0) at 2018.02.11-10.53.55
[2018.02.11-18.53.55:145][238]LogWorld: Bringing up level for play took: 0.000653
[2018.02.11-18.53.55:146][238]PIE: Play in editor start time for /Temp/UEDPIE_0_Untitled_1 -0.576
[2018.02.11-18.53.57:302][491]LogSlate: Took 0.000302 seconds to synchronously load lazily loaded font '../../../Engine/Content/Slate/Fonts/Roboto-Light.ttf' (159K)
[2018.02.11-18.54.06:737][537]LogContentBrowser: Native class hierarchy updated for 'BlueprintGraph' in 0.0006 seconds. Added 116 classes and 0 folders.
[2018.02.11-18.54.07:461][537]LogSlate: Took 0.001506 seconds to synchronously load lazily loaded font '../../../Engine/Content/Editor/Slate/Fonts/Roboto-BoldCondensed.ttf' (158K)
[2018.02.11-18.54.19:892][730]BlueprintLog: New page: Compile Untitled
[2018.02.11-18.54.21:792][947]LogTemp: Repeating last play command: Selected Viewport
[2018.02.11-18.54.21:808][947]LogBlueprintUserMessages: Early PlayInEditor Detection: Level '/Temp/Untitled_1.Untitled_1:PersistentLevel' has LevelScriptBlueprint '/Temp/Untitled_1.Untitled_1:PersistentLevel.Untitled' with GeneratedClass '/Temp/Untitled_1.Untitled_C' with ClassGeneratedBy '/Temp/Untitled_1.Untitled_1:PersistentLevel.Untitled'
[2018.02.11-18.54.21:808][947]LogPlayLevel: PlayLevel: No blueprints needed recompiling
[2018.02.11-18.54.21:808][947]PIE: New page: PIE session: Untitled_1 (Feb 11, 2018, 2:54:21 AM)
[2018.02.11-18.54.21:808][947]LogPlayLevel: Creating play world package: /Temp/UEDPIE_0_Untitled_1
[2018.02.11-18.54.21:814][947]LogPlayLevel: PIE: StaticDuplicateObject took: (0.005313s)
[2018.02.11-18.54.21:814][947]LogAIModule: Creating AISystem for world Untitled_1
[2018.02.11-18.54.21:814][947]LogPlayLevel: PIE: World Init took: (0.000751s)
[2018.02.11-18.54.21:815][947]LogPlayLevel: PIE: Created PIE world by copying editor world from /Temp/Untitled_1.Untitled_1 to /Temp/UEDPIE_0_Untitled_1.Untitled_1 (0.006334s)
[2018.02.11-18.54.21:856][947]LogInit: XAudio2 using 'Main Output (Komplete Audio 6 WDM Audio)' : 2 channels at 48 kHz using 32 bits per sample (channel mask 0x3)
[2018.02.11-18.54.21:861][947]LogInit: FAudioDevice initialized.
[2018.02.11-18.54.21:896][947]LogLoad: Game class is 'GameModeBase'
[2018.02.11-18.54.21:897][947]LogWorld: Bringing World /Temp/UEDPIE_0_Untitled_1.Untitled_1 up for play (max tick rate 0) at 2018.02.11-10.54.21
[2018.02.11-18.54.21:897][947]LogWorld: Bringing up level for play took: 0.000745
[2018.02.11-18.54.21:899][947]PIE: Play in editor start time for /Temp/UEDPIE_0_Untitled_1 0.177
[2018.02.11-18.54.21:899][947]LogBlueprintUserMessages: Late PlayInEditor Detection: Level '/Temp/Untitled_1.Untitled_1:PersistentLevel' has LevelScriptBlueprint '/Temp/Untitled_1.Untitled_1:PersistentLevel.Untitled' with GeneratedClass '/Temp/Untitled_1.Untitled_C' with ClassGeneratedBy '/Temp/Untitled_1.Untitled_1:PersistentLevel.Untitled'
[2018.02.11-18.54.23:297][110]LogBlueprintUserMessages: Early EndPlayMap Detection: Level '/Temp/Untitled_1.Untitled_1:PersistentLevel' has LevelScriptBlueprint '/Temp/Untitled_1.Untitled_1:PersistentLevel.Untitled' with GeneratedClass '/Temp/Untitled_1.Untitled_C' with ClassGeneratedBy '/Temp/Untitled_1.Untitled_1:PersistentLevel.Untitled'
[2018.02.11-18.54.23:334][110]LogBlueprintUserMessages: Late EndPlayMap Detection: Level '/Temp/Untitled_1.Untitled_1:PersistentLevel' has LevelScriptBlueprint '/Temp/Untitled_1.Untitled_1:PersistentLevel.Untitled' with GeneratedClass '/Temp/Untitled_1.Untitled_C' with ClassGeneratedBy '/Temp/Untitled_1.Untitled_1:PersistentLevel.Untitled'
[2018.02.11-18.54.25:147][312]LogTemp: Repeating last play command: Selected Viewport
[2018.02.11-18.54.25:163][312]LogBlueprintUserMessages: Early PlayInEditor Detection: Level '/Temp/Untitled_1.Untitled_1:PersistentLevel' has LevelScriptBlueprint '/Temp/Untitled_1.Untitled_1:PersistentLevel.Untitled' with GeneratedClass '/Temp/Untitled_1.Untitled_C' with ClassGeneratedBy '/Temp/Untitled_1.Untitled_1:PersistentLevel.Untitled'
[2018.02.11-18.54.25:163][312]LogPlayLevel: PlayLevel: No blueprints needed recompiling
[2018.02.11-18.54.25:163][312]PIE: New page: PIE session: Untitled_1 (Feb 11, 2018, 2:54:25 AM)
[2018.02.11-18.54.25:163][312]LogPlayLevel: Creating play world package: /Temp/UEDPIE_0_Untitled_1
[2018.02.11-18.54.25:168][312]LogPlayLevel: PIE: StaticDuplicateObject took: (0.004579s)
[2018.02.11-18.54.25:168][312]LogAIModule: Creating AISystem for world Untitled_1
[2018.02.11-18.54.25:168][312]LogPlayLevel: PIE: World Init took: (0.000633s)
[2018.02.11-18.54.25:168][312]LogPlayLevel: PIE: Created PIE world by copying editor world from /Temp/Untitled_1.Untitled_1 to /Temp/UEDPIE_0_Untitled_1.Untitled_1 (0.005451s)
[2018.02.11-18.54.25:209][312]LogInit: XAudio2 using 'Main Output (Komplete Audio 6 WDM Audio)' : 2 channels at 48 kHz using 32 bits per sample (channel mask 0x3)
[2018.02.11-18.54.25:214][312]LogInit: FAudioDevice initialized.
[2018.02.11-18.54.25:247][312]LogLoad: Game class is 'GameModeBase'
[2018.02.11-18.54.25:247][312]LogWorld: Bringing World /Temp/UEDPIE_0_Untitled_1.Untitled_1 up for play (max tick rate 0) at 2018.02.11-10.54.25
[2018.02.11-18.54.25:248][312]LogWorld: Bringing up level for play took: 0.000603
[2018.02.11-18.54.25:249][312]PIE: Play in editor start time for /Temp/UEDPIE_0_Untitled_1 -0.473
[2018.02.11-18.54.25:249][312]LogBlueprintUserMessages: Late PlayInEditor Detection: Level '/Temp/Untitled_1.Untitled_1:PersistentLevel' has LevelScriptBlueprint '/Temp/Untitled_1.Untitled_1:PersistentLevel.Untitled' with GeneratedClass '/Temp/Untitled_1.Untitled_C' with ClassGeneratedBy '/Temp/Untitled_1.Untitled_1:PersistentLevel.Untitled'
[2018.02.11-18.54.38:455][893]LogBlueprintUserMessages: Early EndPlayMap Detection: Level '/Temp/Untitled_1.Untitled_1:PersistentLevel' has LevelScriptBlueprint '/Temp/Untitled_1.Untitled_1:PersistentLevel.Untitled' with GeneratedClass '/Temp/Untitled_1.Untitled_C' with ClassGeneratedBy '/Temp/Untitled_1.Untitled_1:PersistentLevel.Untitled'
[2018.02.11-18.54.38:488][893]LogBlueprintUserMessages: Late EndPlayMap Detection: Level '/Temp/Untitled_1.Untitled_1:PersistentLevel' has LevelScriptBlueprint '/Temp/Untitled_1.Untitled_1:PersistentLevel.Untitled' with GeneratedClass '/Temp/Untitled_1.Untitled_C' with ClassGeneratedBy '/Temp/Untitled_1.Untitled_1:PersistentLevel.Untitled'
[2018.02.11-18.54.45:903][750]LogActorFactory: Actor Factory created Sphere
[2018.02.11-18.54.46:567][825]LogActorFactory: Actor Factory created Sphere
[2018.02.11-18.54.55:425][828]LogEditorViewport: Clicking on Actor (LMB): StaticMeshActor (Sphere)
[2018.02.11-18.54.59:125][248]LogSlate: Took 0.002085 seconds to synchronously load lazily loaded font '../../../Engine/Content/Editor/Slate/Fonts/Roboto-Italic.ttf' (157K)
[2018.02.11-18.55.09:161][406]LogEditorViewport: Clicking on Actor (LMB): AkAmbientSound (TestWwise)
[2018.02.11-18.55.09:726][469]LogEditorViewport: Clicking on Actor (context menu): AkAmbientSound (TestWwise)
[2018.02.11-18.55.12:806][765]Cmd: DELETE
[2018.02.11-18.55.12:806][765]Cmd: ACTOR DELETE
[2018.02.11-18.55.12:812][765]LogEditorActor: Deleted Actor: AkAmbientSound
[2018.02.11-18.55.12:832][765]LogEditorActor: Deleted 1 Actors (0.025 secs)
[2018.02.11-18.55.13:547][850]LogEditorViewport: Clicking on Actor (LMB): StaticMeshActor (Sphere)
[2018.02.11-18.55.22:286][856]LogTemp: Repeating last play command: Selected Viewport
[2018.02.11-18.55.22:300][856]LogBlueprintUserMessages: Early PlayInEditor Detection: Level '/Temp/Untitled_1.Untitled_1:PersistentLevel' has LevelScriptBlueprint '/Temp/Untitled_1.Untitled_1:PersistentLevel.Untitled' with GeneratedClass '/Temp/Untitled_1.Untitled_C' with ClassGeneratedBy '/Temp/Untitled_1.Untitled_1:PersistentLevel.Untitled'
[2018.02.11-18.55.22:300][856]LogPlayLevel: PlayLevel: No blueprints needed recompiling
[2018.02.11-18.55.22:300][856]PIE: New page: PIE session: Untitled_1 (Feb 11, 2018, 2:55:22 AM)
[2018.02.11-18.55.22:300][856]LogPlayLevel: Creating play world package: /Temp/UEDPIE_0_Untitled_1
[2018.02.11-18.55.22:305][856]LogPlayLevel: PIE: StaticDuplicateObject took: (0.004764s)
[2018.02.11-18.55.22:305][856]LogAIModule: Creating AISystem for world Untitled_1
[2018.02.11-18.55.22:306][856]LogPlayLevel: PIE: World Init took: (0.000654s)
[2018.02.11-18.55.22:306][856]LogPlayLevel: PIE: Created PIE world by copying editor world from /Temp/Untitled_1.Untitled_1 to /Temp/UEDPIE_0_Untitled_1.Untitled_1 (0.005668s)
[2018.02.11-18.55.22:346][856]LogInit: XAudio2 using 'Main Output (Komplete Audio 6 WDM Audio)' : 2 channels at 48 kHz using 32 bits per sample (channel mask 0x3)
[2018.02.11-18.55.22:351][856]LogInit: FAudioDevice initialized.
[2018.02.11-18.55.22:385][856]LogLoad: Game class is 'GameModeBase'
[2018.02.11-18.55.22:386][856]LogWorld: Bringing World /Temp/UEDPIE_0_Untitled_1.Untitled_1 up for play (max tick rate 0) at 2018.02.11-10.55.22
[2018.02.11-18.55.22:386][856]LogWorld: Bringing up level for play took: 0.000636
[2018.02.11-18.55.22:387][856]PIE: Play in editor start time for /Temp/UEDPIE_0_Untitled_1 0.665
[2018.02.11-18.55.22:387][856]LogBlueprintUserMessages: Late PlayInEditor Detection: Level '/Temp/Untitled_1.Untitled_1:PersistentLevel' has LevelScriptBlueprint '/Temp/Untitled_1.Untitled_1:PersistentLevel.Untitled' with GeneratedClass '/Temp/Untitled_1.Untitled_C' with ClassGeneratedBy '/Temp/Untitled_1.Untitled_1:PersistentLevel.Untitled'
[2018.02.11-18.55.24:560][113]LogBlueprintUserMessages: Early EndPlayMap Detection: Level '/Temp/Untitled_1.Untitled_1:PersistentLevel' has LevelScriptBlueprint '/Temp/Untitled_1.Untitled_1:PersistentLevel.Untitled' with GeneratedClass '/Temp/Untitled_1.Untitled_C' with ClassGeneratedBy '/Temp/Untitled_1.Untitled_1:PersistentLevel.Untitled'
[2018.02.11-18.55.24:595][113]LogBlueprintUserMessages: Late EndPlayMap Detection: Level '/Temp/Untitled_1.Untitled_1:PersistentLevel' has LevelScriptBlueprint '/Temp/Untitled_1.Untitled_1:PersistentLevel.Untitled' with GeneratedClass '/Temp/Untitled_1.Untitled_C' with ClassGeneratedBy '/Temp/Untitled_1.Untitled_1:PersistentLevel.Untitled'
[2018.02.11-18.55.30:471][776]LogEditorViewport: Clicking on Actor (LMB): StaticMeshActor (Sphere)
[2018.02.11-18.55.54:249][524]Cmd: TRANSACTION UNDO
[2018.02.11-18.55.54:249][524]LogEditorTransaction: Undo Clicking on Component (tree view)
[2018.02.11-18.55.54:603][552]Cmd: TRANSACTION UNDO
[2018.02.11-18.55.54:603][552]LogEditorTransaction: Undo Clicking on Actors
[2018.02.11-18.55.54:805][575]Cmd: TRANSACTION UNDO
[2018.02.11-18.55.54:805][575]LogEditorTransaction: Undo Edit Attenuation Scaling Factor
[2018.02.11-18.55.55:066][605]Cmd: TRANSACTION UNDO
[2018.02.11-18.55.55:066][605]LogEditorTransaction: Undo Clicking on Component (tree view)
[2018.02.11-18.55.55:274][624]Cmd: TRANSACTION UNDO
[2018.02.11-18.55.55:274][624]LogEditorTransaction: Undo Clicking on Actors
[2018.02.11-18.55.55:523][653]Cmd: TRANSACTION UNDO
[2018.02.11-18.55.55:523][653]LogEditorTransaction: Undo Delete Actors
[2018.02.11-18.55.55:783][680]Cmd: TRANSACTION UNDO
[2018.02.11-18.55.55:783][680]LogEditorTransaction: Undo Clicking on Actors (context menu)
[2018.02.11-18.55.56:067][712]Cmd: TRANSACTION UNDO
[2018.02.11-18.55.56:067][712]LogEditorTransaction: Undo Clicking on Actors
[2018.02.11-18.55.56:490][759]Cmd: TRANSACTION UNDO
[2018.02.11-18.55.56:490][759]LogEditorTransaction: Undo Add Component
[2018.02.11-18.55.57:017][816]Cmd: TRANSACTION UNDO
[2018.02.11-18.55.57:017][816]LogEditorTransaction: Undo Clicking on Actors
[2018.02.11-18.55.57:382][858]Cmd: TRANSACTION UNDO
[2018.02.11-18.55.57:382][858]LogEditorTransaction: Undo Move Actors
[2018.02.11-18.55.57:773][903]Cmd: TRANSACTION UNDO
[2018.02.11-18.55.57:773][903]LogEditorTransaction: Undo Create Actors
[2018.02.11-18.55.58:531][993]LogEditorViewport: Clicking on Actor (LMB): AkAmbientSound (TestWwise)
[2018.02.11-18.59.58:404][815]LogDirectoryWatcher: A directory notification for '../../../Engine/Plugins/' was aborted.
[2018.02.11-18.59.58:404][815]LogDirectoryWatcher: A directory notification for '../../../../../../Users/Jeff Brihante/Desktop/GitHub/ProjectConan/Conan/Plugins/' was aborted.
[2018.02.11-19.00.46:549][826]LogSavePackage: Save=130.25ms
[2018.02.11-19.00.46:549][826]LogSavePackage: Moving '../../../../../../Users/Jeff Brihante/Desktop/GitHub/ProjectConan/Conan/Saved/TestAudioIntegrationD382E40A4E9E11D68D0AA69B19044787.tmp' to '../../../../../../Users/Jeff Brihante/Desktop/GitHub/ProjectConan/Conan/Content/TestAudioIntegration.umap'
[2018.02.11-19.00.46:556][826]LogSavePackage: Display: Finished SavePackage ../../../../../../Users/Jeff Brihante/Desktop/GitHub/ProjectConan/Conan/Content/TestAudioIntegration.umap
[2018.02.11-19.00.46:595][826]LogFileHelpers: Saving map 'TestAudioIntegration' took 0.403
[2018.02.11-19.00.46:841][827]Cmd: QUIT_EDITOR
[2018.02.11-19.00.47:262][827]LogWindowsTextInputMethodSystem: Display: IME system now deactivated.
[2018.02.11-19.00.47:274][827]LogExit: Preparing to exit.
[2018.02.11-19.00.47:822][827]LogAkAudio: Error: Unload bank failed, requested bank was not found.
[2018.02.11-19.00.47:825][827]LogDirectoryWatcher: A directory notification failed for 'C:/Users/Jeff Brihante/Desktop/GitHub/ProjectConan/Conan/Content/', and we were unable to create a new request.
[2018.02.11-19.00.47:861][827]LogExit: Editor shut down
[2018.02.11-19.00.47:866][827]LogExit: Transaction tracking system shut down
[2018.02.11-19.00.48:095][827]LogDirectoryWatcher: A directory notification for '../../../Engine/Content/' was aborted.
[2018.02.11-19.00.48:096][827]LogDirectoryWatcher: A directory notification for '../../../../../../Users/Jeff Brihante/Desktop/GitHub/ProjectConan/Conan/Content/' was aborted.
[2018.02.11-19.00.48:096][827]LogDirectoryWatcher: A directory notification for '../../../Engine/Plugins/2D/Paper2D/Content/' was aborted.
[2018.02.11-19.00.48:096][827]LogDirectoryWatcher: A directory notification for '../../../Engine/Plugins/Media/MediaCompositing/Content/' was aborted.
[2018.02.11-19.00.48:096][827]LogDirectoryWatcher: A directory notification for '../../../Engine/Plugins/Runtime/AppleARKit/Content/' was aborted.
[2018.02.11-19.00.48:096][827]LogDirectoryWatcher: A directory notification for '../../../Engine/Plugins/Runtime/Oculus/OculusVR/Content/' was aborted.
[2018.02.11-19.00.48:096][827]LogDirectoryWatcher: A directory notification for '../../../Engine/Plugins/Runtime/Steam/SteamVR/Content/' was aborted.
[2018.02.11-19.00.48:096][827]LogDirectoryWatcher: A directory notification for '../../../../../../Users/Jeff Brihante/Desktop/GitHub/ProjectConan/Conan/Plugins/Wwise/Content/' was aborted.
[2018.02.11-19.00.48:207][827]LogExit: Object subsystem successfully closed.
[2018.02.11-19.00.48:235][827]LogD3D11RHI: Shutdown
[2018.02.11-19.00.48:235][827]LogD3D11RHI: CleanupD3DDevice
[2018.02.11-19.00.48:239][827]LogD3D11RHI: ~FD3D11DynamicRHI
[2018.02.11-19.00.48:276][827]LogModuleManager: Shutting down and abandoning module ExternalImagePicker (560)
[2018.02.11-19.00.48:276][827]LogModuleManager: Shutting down and abandoning module BlueprintGraph (558)
[2018.02.11-19.00.48:276][827]LogModuleManager: Shutting down and abandoning module MovieSceneCapture (556)
[2018.02.11-19.00.48:276][827]LogModuleManager: Shutting down and abandoning module HierarchicalLODOutliner (554)
[2018.02.11-19.00.48:276][827]LogModuleManager: Shutting down and abandoning module SceneOutliner (552)
[2018.02.11-19.00.48:276][827]LogModuleManager: Shutting down and abandoning module AddContentDialog (550)
[2018.02.11-19.00.48:276][827]LogDirectoryWatcher: A directory notification for 'C:/Program Files/Epic Games/UE_4.18/FeaturePacks/' was aborted.
[2018.02.11-19.00.48:277][827]LogModuleManager: Shutting down and abandoning module WidgetCarousel (549)
[2018.02.11-19.00.48:277][827]LogModuleManager: Shutting down and abandoning module EditorWidgets (546)
[2018.02.11-19.00.48:277][827]LogModuleManager: Shutting down and abandoning module CollectionManager (544)
[2018.02.11-19.00.48:278][827]LogDirectoryWatcher: A directory notification for 'C:/Users/Jeff Brihante/Desktop/GitHub/ProjectConan/Conan/Content/Collections/' was aborted.
[2018.02.11-19.00.48:278][827]LogDirectoryWatcher: A directory notification for 'C:/Users/Jeff Brihante/Desktop/GitHub/ProjectConan/Conan/Content/Developers/JeffBrihante/Collections/' was aborted.
[2018.02.11-19.00.48:278][827]LogDirectoryWatcher: A directory notification for 'C:/Users/Jeff Brihante/Desktop/GitHub/ProjectConan/Conan/Saved/Collections/' was aborted.
[2018.02.11-19.00.48:278][827]LogModuleManager: Shutting down and abandoning module HierarchicalLODUtilities (542)
[2018.02.11-19.00.48:278][827]LogModuleManager: Shutting down and abandoning module StatsViewer (540)
[2018.02.11-19.00.48:279][827]LogModuleManager: Shutting down and abandoning module FoliageEdit (538)
[2018.02.11-19.00.48:279][827]LogModuleManager: Shutting down and abandoning module LandscapeEditor (536)
[2018.02.11-19.00.48:280][827]LogModuleManager: Shutting down and abandoning module MeshPaintMode (534)
[2018.02.11-19.00.48:280][827]LogModuleManager: Shutting down and abandoning module SceneDepthPickerMode (532)
[2018.02.11-19.00.48:280][827]LogModuleManager: Shutting down and abandoning module ActorPickerMode (530)
[2018.02.11-19.00.48:280][827]LogModuleManager: Shutting down and abandoning module GeometryMode (528)
[2018.02.11-19.00.48:281][827]LogModuleManager: Shutting down and abandoning module TextureAlignMode (526)
[2018.02.11-19.00.48:281][827]LogModuleManager: Shutting down and abandoning module BspMode (524)
[2018.02.11-19.00.48:281][827]LogModuleManager: Shutting down and abandoning module PIEPreviewDeviceProfileSelector (522)
[2018.02.11-19.00.48:281][827]LogModuleManager: Shutting down and abandoning module HardwareSurvey (520)
[2018.02.11-19.00.48:281][827]LogModuleManager: Shutting down and abandoning module SequenceRecorderSections (518)
[2018.02.11-19.00.48:281][827]LogModuleManager: Shutting down and abandoning module AutomationWorker (516)
[2018.02.11-19.00.48:281][827]LogModuleManager: Shutting down and abandoning module AudiokineticTools (514)
[2018.02.11-19.00.48:281][827]LogDirectoryWatcher: A directory notification for '..\..\..\..\..\..\Users\Jeff Brihante\Desktop\GitHub\ProjectConan\Conan\Conan_WwiseProject' was aborted.
[2018.02.11-19.00.48:281][827]LogModuleManager: Shutting down and abandoning module MatineeToLevelSequence (512)
[2018.02.11-19.00.48:282][827]LogModuleManager: Shutting down and abandoning module LevelSequenceEditor (510)
[2018.02.11-19.00.48:283][827]LogModuleManager: Shutting down and abandoning module PlacementMode (509)
[2018.02.11-19.00.48:283][827]LogModuleManager: Shutting down and abandoning module WmfMediaFactory (506)
[2018.02.11-19.00.48:283][827]LogModuleManager: Shutting down and abandoning module WmfMediaEditor (504)
[2018.02.11-19.00.48:283][827]LogModuleManager: Shutting down and abandoning module OpenExrWrapper (502)
[2018.02.11-19.00.48:283][827]LogModuleManager: Shutting down and abandoning module ImgMediaFactory (500)
[2018.02.11-19.00.48:283][827]LogModuleManager: Shutting down and abandoning module ImgMediaEditor (498)
[2018.02.11-19.00.48:283][827]LogModuleManager: Shutting down and abandoning module AvfMediaFactory (496)
[2018.02.11-19.00.48:283][827]LogModuleManager: Shutting down and abandoning module AvfMediaEditor (494)
[2018.02.11-19.00.48:283][827]LogModuleManager: Shutting down and abandoning module AndroidMediaFactory (492)
[2018.02.11-19.00.48:283][827]LogModuleManager: Shutting down and abandoning module AndroidMediaEditor (490)
[2018.02.11-19.00.48:283][827]LogModuleManager: Shutting down and abandoning module CharacterAI (488)
[2018.02.11-19.00.48:283][827]LogModuleManager: Shutting down and abandoning module AudioCapture (486)
[2018.02.11-19.00.48:284][827]LogModuleManager: Shutting down and abandoning module SequenceRecorder (485)
[2018.02.11-19.00.48:284][827]LogModuleManager: Shutting down and abandoning module SmartSnapping (482)
[2018.02.11-19.00.48:284][827]LogModuleManager: Shutting down and abandoning module SessionServices (480)
[2018.02.11-19.00.48:284][827]LogModuleManager: Shutting down and abandoning module ViewportSnapping (478)
[2018.02.11-19.00.48:284][827]LogModuleManager: Shutting down and abandoning module ViewportInteraction (476)
[2018.02.11-19.00.48:284][827]LogModuleManager: Shutting down and abandoning module ClothPainter (474)
[2018.02.11-19.00.48:285][827]LogModuleManager: Shutting down and abandoning module SkeletalMeshEditor (473)
[2018.02.11-19.00.48:286][827]LogModuleManager: Shutting down and abandoning module LogVisualizer (470)
[2018.02.11-19.00.48:287][827]LogModuleManager: Shutting down and abandoning module IntroTutorials (468)
[2018.02.11-19.00.48:288][827]LogModuleManager: Shutting down and abandoning module GameProjectGeneration (467)
[2018.02.11-19.00.48:288][827]LogModuleManager: Shutting down and abandoning module IOSPlatformEditor (464)
[2018.02.11-19.00.48:288][827]LogModuleManager: Shutting down and abandoning module HTML5PlatformEditor (462)
[2018.02.11-19.00.48:288][827]LogModuleManager: Shutting down and abandoning module AndroidPlatformEditor (460)
[2018.02.11-19.00.48:288][827]LogModuleManager: Shutting down and abandoning module AndroidDeviceDetection (459)
[2018.02.11-19.00.49:160][827]LogModuleManager: Shutting down and abandoning module WindowsPlatformEditor (456)
[2018.02.11-19.00.49:160][827]LogModuleManager: Shutting down and abandoning module IOSRuntimeSettings (454)
[2018.02.11-19.00.49:160][827]LogModuleManager: Shutting down and abandoning module AndroidRuntimeSettings (452)
[2018.02.11-19.00.49:160][827]LogModuleManager: Shutting down and abandoning module InputBindingEditor (450)
[2018.02.11-19.00.49:161][827]LogModuleManager: Shutting down and abandoning module MergeActors (448)
[2018.02.11-19.00.49:161][827]LogModuleManager: Shutting down and abandoning module SizeMap (446)
[2018.02.11-19.00.49:161][827]LogModuleManager: Shutting down and abandoning module TreeMap (444)
[2018.02.11-19.00.49:162][827]LogModuleManager: Shutting down and abandoning module ReferenceViewer (442)
[2018.02.11-19.00.49:162][827]LogModuleManager: Shutting down and abandoning module LocalizationDashboard (440)
[2018.02.11-19.00.49:162][827]LogModuleManager: Shutting down and abandoning module LocalizationService (439)
[2018.02.11-19.00.49:163][827]LogModuleManager: Shutting down and abandoning module HardwareTargeting (436)
[2018.02.11-19.00.49:163][827]LogModuleManager: Shutting down and abandoning module DeviceProfileEditor (434)
[2018.02.11-19.00.49:163][827]LogModuleManager: Shutting down and abandoning module UndoHistory (432)
[2018.02.11-19.00.49:163][827]LogModuleManager: Shutting down and abandoning module XmlParser (430)
[2018.02.11-19.00.49:163][827]LogModuleManager: Shutting down and abandoning module Blutility (428)
[2018.02.11-19.00.49:163][827]LogModuleManager: Shutting down and abandoning module ProjectSettingsViewer (426)
[2018.02.11-19.00.49:163][827]LogModuleManager: Shutting down and abandoning module ProjectTargetPlatformEditor (425)
[2018.02.11-19.00.49:163][827]LogModuleManager: Shutting down and abandoning module EditorSettingsViewer (422)
[2018.02.11-19.00.49:163][827]LogModuleManager: Shutting down and abandoning module SettingsEditor (420)
[2018.02.11-19.00.49:163][827]LogModuleManager: Shutting down and abandoning module ProjectLauncher (418)
[2018.02.11-19.00.49:164][827]LogModuleManager: Shutting down and abandoning module SessionFrontend (416)
[2018.02.11-19.00.49:164][827]LogModuleManager: Shutting down and abandoning module ProfilerClient (414)
[2018.02.11-19.00.49:165][827]LogModuleManager: Shutting down and abandoning module DeviceManager (412)
[2018.02.11-19.00.49:165][827]LogModuleManager: Shutting down and abandoning module TargetDeviceServices (411)
[2018.02.11-19.00.49:229][827]LogModuleManager: Shutting down and abandoning module AutomationController (408)
[2018.02.11-19.00.49:230][827]LogModuleManager: Shutting down and abandoning module AutomationWindow (406)
[2018.02.11-19.00.49:231][827]LogModuleManager: Shutting down and abandoning module Layers (404)
[2018.02.11-19.00.49:232][827]LogModuleManager: Shutting down and abandoning module ComponentVisualizers (402)
[2018.02.11-19.00.49:232][827]LogModuleManager: Shutting down and abandoning module DetailCustomizations (400)
[2018.02.11-19.00.49:233][827]LogModuleManager: Shutting down and abandoning module PackagesDialog (398)
[2018.02.11-19.00.49:233][827]LogModuleManager: Shutting down and abandoning module Persona (396)
[2018.02.11-19.00.49:234][827]LogModuleManager: Shutting down and abandoning module AdvancedPreviewScene (395)
[2018.02.11-19.00.49:234][827]LogModuleManager: Shutting down and abandoning module AnimGraph (393)
[2018.02.11-19.00.49:234][827]LogModuleManager: Shutting down and abandoning module Kismet (390)
[2018.02.11-19.00.49:241][827]LogModuleManager: Shutting down and abandoning module ClassViewer (388)
[2018.02.11-19.00.49:242][827]LogModuleManager: Shutting down and abandoning module Toolbox (386)
[2018.02.11-19.00.49:242][827]LogModuleManager: Shutting down and abandoning module ModuleUI (384)
[2018.02.11-19.00.49:242][827]LogModuleManager: Shutting down and abandoning module MovieSceneTools (382)
[2018.02.11-19.00.49:243][827]LogModuleManager: Shutting down and abandoning module OutputLog (380)
[2018.02.11-19.00.49:243][827]LogModuleManager: Shutting down and abandoning module GammaUI (378)
[2018.02.11-19.00.49:244][827]LogModuleManager: Shutting down and abandoning module Documentation (376)
[2018.02.11-19.00.49:244][827]LogModuleManager: Shutting down and abandoning module MovieSceneTracks (374)
[2018.02.11-19.00.49:244][827]LogModuleManager: Shutting down and abandoning module MovieScene (372)
[2018.02.11-19.00.49:244][827]LogModuleManager: Shutting down and abandoning module StreamingPauseRendering (370)
[2018.02.11-19.00.49:244][827]LogModuleManager: Shutting down and abandoning module LauncherPlatform (368)
[2018.02.11-19.00.49:244][827]LogModuleManager: Shutting down and abandoning module AnalyticsET (366)
[2018.02.11-19.00.49:244][827]LogModuleManager: Shutting down and abandoning module PortalServices (364)
[2018.02.11-19.00.49:244][827]LogModuleManager: Shutting down and abandoning module PortalRpc (362)
[2018.02.11-19.00.49:244][827]LogModuleManager: Shutting down and abandoning module MessagingRpc (360)
[2018.02.11-19.00.49:244][827]LogModuleManager: Shutting down and abandoning module AIModule (358)
[2018.02.11-19.00.49:244][827]LogModuleManager: Shutting down and abandoning module GameplayDebugger (357)
[2018.02.11-19.00.49:244][827]LogModuleManager: Shutting down and abandoning module AITestSuite (355)
[2018.02.11-19.00.49:244][827]LogModuleManager: Shutting down and abandoning module DesktopPlatform (352)
[2018.02.11-19.00.49:244][827]LogModuleManager: Shutting down and abandoning module ProfilerService (350)
[2018.02.11-19.00.49:480][827]LogModuleManager: Shutting down and abandoning module TaskGraph (348)
[2018.02.11-19.00.49:480][827]LogModuleManager: Shutting down and abandoning module SteamVRController (346)
[2018.02.11-19.00.49:481][827]LogModuleManager: Shutting down and abandoning module ProceduralMeshComponentEditor (344)
[2018.02.11-19.00.49:481][827]LogModuleManager: Shutting down and abandoning module ProceduralMeshComponent (342)
[2018.02.11-19.00.49:481][827]LogModuleManager: Shutting down and abandoning module OculusInput (340)
[2018.02.11-19.00.49:481][827]LogModuleManager: Shutting down and abandoning module MobilePatchingUtils (338)
[2018.02.11-19.00.49:481][827]LogModuleManager: Shutting down and abandoning module CustomMeshComponent (336)
[2018.02.11-19.00.49:481][827]LogModuleManager: Shutting down and abandoning module CableComponent (334)
[2018.02.11-19.00.49:481][827]LogModuleManager: Shutting down and abandoning module ArchVisCharacter (332)
[2018.02.11-19.00.49:481][827]LogModuleManager: Shutting down and abandoning module AndroidPermission (330)
[2018.02.11-19.00.49:481][827]LogModuleManager: Shutting down and abandoning module ActorSequence (326)
[2018.02.11-19.00.49:481][827]LogModuleManager: Shutting down and abandoning module MediaPlayerEditor (324)
[2018.02.11-19.00.49:482][827]LogModuleManager: Shutting down and abandoning module MediaCompositingEditor (322)
[2018.02.11-19.00.49:483][827]LogModuleManager: Shutting down and abandoning module MediaCompositing (320)
[2018.02.11-19.00.49:483][827]LogModuleManager: Shutting down and abandoning module HTML5Networking (318)
[2018.02.11-19.00.49:483][827]LogModuleManager: Shutting down and abandoning module AlembicImporter (316)
[2018.02.11-19.00.49:483][827]LogModuleManager: Shutting down and abandoning module AlembicLibrary (315)
[2018.02.11-19.00.49:483][827]LogModuleManager: Shutting down and abandoning module GeometryCache (314)
[2018.02.11-19.00.49:483][827]LogModuleManager: Shutting down and abandoning module GeometryCacheEd (313)
[2018.02.11-19.00.49:483][827]LogModuleManager: Shutting down and abandoning module SpeedTreeImporter (308)
[2018.02.11-19.00.49:483][827]LogModuleManager: Shutting down and abandoning module PluginBrowser (306)
[2018.02.11-19.00.49:483][827]LogModuleManager: Shutting down and abandoning module MobileLauncherProfileWizard (304)
[2018.02.11-19.00.49:484][827]LogModuleManager: Shutting down and abandoning module VisualStudioSourceCodeAccess (302)
[2018.02.11-19.00.49:484][827]LogModuleManager: Shutting down and abandoning module VisualStudioCodeSourceCodeAccess (300)
[2018.02.11-19.00.49:484][827]LogModuleManager: Shutting down and abandoning module UObjectPlugin (298)
[2018.02.11-19.00.49:484][827]LogModuleManager: Shutting down and abandoning module SubversionSourceControl (296)
[2018.02.11-19.00.49:484][827]LogModuleManager: Shutting down and abandoning module PerforceSourceControl (294)
[2018.02.11-19.00.49:485][827]LogModuleManager: Shutting down and abandoning module GitSourceControl (292)
[2018.02.11-19.00.49:486][827]LogModuleManager: Shutting down and abandoning module SourceControl (291)
[2018.02.11-19.00.49:486][827]LogModuleManager: Shutting down and abandoning module LightPropagationVolumeEditor (288)
[2018.02.11-19.00.49:486][827]LogModuleManager: Shutting down and abandoning module PaperTiledImporter (286)
[2018.02.11-19.00.49:486][827]LogModuleManager: Shutting down and abandoning module PaperSpriteSheetImporter (284)
[2018.02.11-19.00.49:486][827]LogModuleManager: Shutting down and abandoning module Paper2DEditor (282)
[2018.02.11-19.00.49:487][827]LogModuleManager: Shutting down and abandoning module MeshPaint (281)
[2018.02.11-19.00.49:487][827]LogModuleManager: Shutting down and abandoning module AkAudio (278)
[2018.02.11-19.00.49:529][827]LogInit: Audiokinetic Audio Device terminated.
[2018.02.11-19.00.49:529][827]LogModuleManager: Shutting down and abandoning module LevelEditor (277)
[2018.02.11-19.00.49:531][827]LogModuleManager: Shutting down and abandoning module PixelInspectorModule (276)
[2018.02.11-19.00.49:531][827]LogModuleManager: Shutting down and abandoning module MainFrame (274)
[2018.02.11-19.00.49:531][827]LogModuleManager: Shutting down and abandoning module HotReload (273)
[2018.02.11-19.00.49:531][827]LogDirectoryWatcher: A directory notification for 'C:/Users/Jeff Brihante/Desktop/GitHub/ProjectConan/Conan/Plugins/Wwise/Binaries/Win64' was aborted.
[2018.02.11-19.00.49:532][827]LogModuleManager: Shutting down and abandoning module RuntimePhysXCooking (268)
[2018.02.11-19.00.49:532][827]LogModuleManager: Shutting down and abandoning module PhysXVehiclesEditor (266)
[2018.02.11-19.00.49:532][827]LogModuleManager: Shutting down and abandoning module PhysXVehicles (264)
[2018.02.11-19.00.49:532][827]LogModuleManager: Shutting down and abandoning module OculusEditor (262)
[2018.02.11-19.00.49:532][827]LogModuleManager: Shutting down and abandoning module LocationServicesBPLibrary (260)
[2018.02.11-19.00.49:532][827]LogModuleManager: Shutting down and abandoning module ImmediatePhysicsEditor (258)
[2018.02.11-19.00.49:532][827]LogModuleManager: Shutting down and abandoning module ImmediatePhysics (256)
[2018.02.11-19.00.49:532][827]LogModuleManager: Shutting down and abandoning module UdpMessaging (254)
[2018.02.11-19.00.49:633][827]LogModuleManager: Shutting down and abandoning module TcpMessaging (252)
[2018.02.11-19.00.49:734][827]LogModuleManager: Shutting down and abandoning module GameplayTagsEditor (250)
[2018.02.11-19.00.49:735][827]LogModuleManager: Shutting down and abandoning module FacialAnimationEditor (248)
[2018.02.11-19.00.49:735][827]LogModuleManager: Shutting down and abandoning module FacialAnimation (246)
[2018.02.11-19.00.49:735][827]LogModuleManager: Shutting down and abandoning module AssetManagerEditor (244)
[2018.02.11-19.00.49:736][827]LogModuleManager: Shutting down and abandoning module GraphEditor (243)
[2018.02.11-19.00.49:736][827]LogModuleManager: Shutting down and abandoning module ContentBrowser (241)
[2018.02.11-19.00.49:737][827]LogModuleManager: Shutting down and abandoning module LightPropagationVolumeRuntime (238)
[2018.02.11-19.00.49:737][827]LogModuleManager: Shutting down and abandoning module Paper2D (236)
[2018.02.11-19.00.49:737][827]LogModuleManager: Shutting down and abandoning module WindowsMoviePlayer (234)
[2018.02.11-19.00.49:737][827]LogModuleManager: Shutting down and abandoning module WmfMedia (232)
[2018.02.11-19.00.49:740][827]LogModuleManager: Shutting down and abandoning module ImgMedia (230)
[2018.02.11-19.00.49:740][827]LogModuleManager: Shutting down and abandoning module PacketHandler (228)
[2018.02.11-19.00.49:740][827]LogModuleManager: Shutting down and abandoning module ClothingSystemEditor (226)
[2018.02.11-19.00.49:740][827]LogModuleManager: Shutting down and abandoning module ClothingSystemRuntime (224)
[2018.02.11-19.00.49:740][827]LogModuleManager: Shutting down and abandoning module MediaAssets (222)
[2018.02.11-19.00.49:740][827]LogModuleManager: Shutting down and abandoning module Media (221)
[2018.02.11-19.00.49:746][827]LogModuleManager: Shutting down and abandoning module Overlay (218)
[2018.02.11-19.00.49:746][827]LogModuleManager: Shutting down and abandoning module OverlayEditor (217)
[2018.02.11-19.00.49:746][827]LogModuleManager: Shutting down and abandoning module VREditor (214)
[2018.02.11-19.00.49:747][827]LogModuleManager: Shutting down and abandoning module StringTableEditor (212)
[2018.02.11-19.00.49:747][827]LogModuleManager: Shutting down and abandoning module GameplayTasksEditor (210)
[2018.02.11-19.00.49:747][827]LogModuleManager: Shutting down and abandoning module BehaviorTreeEditor (208)
[2018.02.11-19.00.49:749][827]LogModuleManager: Shutting down and abandoning module FunctionalTesting (206)
[2018.02.11-19.00.49:749][827]LogModuleManager: Shutting down and abandoning module CollisionAnalyzer (204)
[2018.02.11-19.00.49:749][827]LogModuleManager: Shutting down and abandoning module WorkspaceMenuStructure (203)
[2018.02.11-19.00.49:750][827]LogModuleManager: Shutting down and abandoning module UMG (200)
[2018.02.11-19.00.49:750][827]LogModuleManager: Shutting down and abandoning module UMGEditor (199)
[2018.02.11-19.00.49:751][827]LogModuleManager: Shutting down and abandoning module Sequencer (198)
[2018.02.11-19.00.49:752][827]LogModuleManager: Shutting down and abandoning module MessageLog (195)
[2018.02.11-19.00.49:752][827]LogModuleManager: Shutting down and abandoning module SlateReflector (190)
[2018.02.11-19.00.49:754][827]LogModuleManager: Shutting down and abandoning module Slate (188)
[2018.02.11-19.00.49:754][827]LogModuleManager: Shutting down and abandoning module EditorStyle (186)
[2018.02.11-19.00.49:757][827]LogModuleManager: Shutting down and abandoning module MRMesh (184)
[2018.02.11-19.00.49:757][827]LogModuleManager: Shutting down and abandoning module SourceCodeAccess (182)
[2018.02.11-19.00.49:757][827]LogModuleManager: Shutting down and abandoning module HeadMountedDisplay (180)
[2018.02.11-19.00.49:757][827]LogModuleManager: Shutting down and abandoning module XAudio2 (178)
[2018.02.11-19.00.49:757][827]LogModuleManager: Shutting down and abandoning module Networking (176)
[2018.02.11-19.00.49:757][827]LogModuleManager: Shutting down and abandoning module Core (172)
[2018.02.11-19.00.49:757][827]LogModuleManager: Shutting down and abandoning module LevelSequence (168)
[2018.02.11-19.00.49:757][827]LogModuleManager: Shutting down and abandoning module DirectoryWatcher (166)
[2018.02.11-19.00.49:758][827]LogModuleManager: Shutting down and abandoning module KismetCompiler (164)
[2018.02.11-19.00.49:758][827]LogModuleManager: Shutting down and abandoning module MeshUtilities (162)
[2018.02.11-19.00.49:759][827]LogModuleManager: Shutting down and abandoning module MeshMergeUtilities (161)
[2018.02.11-19.00.49:760][827]LogModuleManager: Shutting down and abandoning module MeshReductionInterface (160)
[2018.02.11-19.00.49:760][827]LogModuleManager: Shutting down and abandoning module SimplygonSwarm (159)
[2018.02.11-19.00.49:760][827]LogModuleManager: Shutting down and abandoning module SimplygonMeshReduction (157)
[2018.02.11-19.00.49:760][827]LogModuleManager: Shutting down and abandoning module QuadricMeshReduction (155)
[2018.02.11-19.00.49:760][827]LogModuleManager: Shutting down and abandoning module MaterialBaking (151)
[2018.02.11-19.00.49:760][827]LogModuleManager: Shutting down and abandoning module DerivedDataCache (148)
[2018.02.11-19.00.49:781][827]LogDerivedDataCache: Shutdown
[2018.02.11-19.00.49:781][827]LogModuleManager: Shutting down and abandoning module TargetPlatform (146)
[2018.02.11-19.00.49:781][827]LogModuleManager: Shutting down and abandoning module VulkanShaderFormat (145)
[2018.02.11-19.00.49:781][827]LogModuleManager: Shutting down and abandoning module ShaderFormatVectorVM (143)
[2018.02.11-19.00.49:782][827]LogModuleManager: Shutting down and abandoning module ShaderFormatOpenGL (141)
[2018.02.11-19.00.49:782][827]LogModuleManager: Shutting down and abandoning module ShaderFormatD3D (139)
[2018.02.11-19.00.49:782][827]LogModuleManager: Shutting down and abandoning module MetalShaderFormat (137)
[2018.02.11-19.00.49:783][827]LogModuleManager: Shutting down and abandoning module TextureFormatUncompressed (135)
[2018.02.11-19.00.49:783][827]LogModuleManager: Shutting down and abandoning module TextureFormatPVR (133)
[2018.02.11-19.00.49:783][827]LogModuleManager: Shutting down and abandoning module TextureFormatDXT (131)
[2018.02.11-19.00.49:783][827]LogModuleManager: Shutting down and abandoning module TextureFormatIntelISPCTexComp (129)
[2018.02.11-19.00.49:783][827]LogModuleManager: Shutting down and abandoning module TextureFormatASTC (127)
[2018.02.11-19.00.49:783][827]LogModuleManager: Shutting down and abandoning module ImageWrapper (126)
[2018.02.11-19.00.49:783][827]LogModuleManager: Shutting down and abandoning module TextureFormatAndroid (123)
[2018.02.11-19.00.49:783][827]LogModuleManager: Shutting down and abandoning module AudioFormatOpus (121)
[2018.02.11-19.00.49:783][827]LogModuleManager: Shutting down and abandoning module AudioFormatOgg (119)
[2018.02.11-19.00.49:783][827]LogModuleManager: Shutting down and abandoning module AudioFormatADPCM (117)
[2018.02.11-19.00.49:783][827]LogModuleManager: Shutting down and abandoning module LinuxTargetPlatform (115)
[2018.02.11-19.00.49:783][827]LogModuleManager: Shutting down and abandoning module LinuxServerTargetPlatform (113)
[2018.02.11-19.00.49:783][827]LogModuleManager: Shutting down and abandoning module LinuxNoEditorTargetPlatform (111)
[2018.02.11-19.00.49:783][827]LogModuleManager: Shutting down and abandoning module LinuxClientTargetPlatform (109)
[2018.02.11-19.00.49:783][827]LogModuleManager: Shutting down and abandoning module TVOSTargetPlatform (107)
[2018.02.11-19.00.49:783][827]LogModuleManager: Shutting down and abandoning module Messaging (105)
[2018.02.11-19.00.49:783][827]LogModuleManager: Shutting down and abandoning module IOSTargetPlatform (103)
[2018.02.11-19.00.49:783][827]LogModuleManager: Shutting down and abandoning module HTML5TargetPlatform (101)
[2018.02.11-19.00.49:783][827]LogModuleManager: Shutting down and abandoning module AndroidTargetPlatform (99)
[2018.02.11-19.00.49:783][827]LogModuleManager: Shutting down and abandoning module Android_PVRTCTargetPlatform (97)
[2018.02.11-19.00.49:783][827]LogModuleManager: Shutting down and abandoning module Android_MultiTargetPlatform (95)
[2018.02.11-19.00.49:783][827]LogModuleManager: Shutting down and abandoning module Android_ETC2TargetPlatform (93)
[2018.02.11-19.00.49:783][827]LogModuleManager: Shutting down and abandoning module Android_ETC1TargetPlatform (91)
[2018.02.11-19.00.49:783][827]LogModuleManager: Shutting down and abandoning module Android_DXTTargetPlatform (89)
[2018.02.11-19.00.49:783][827]LogModuleManager: Shutting down and abandoning module Android_ATCTargetPlatform (87)
[2018.02.11-19.00.49:783][827]LogModuleManager: Shutting down and abandoning module Android_ASTCTargetPlatform (85)
[2018.02.11-19.00.49:783][827]LogModuleManager: Shutting down and abandoning module WindowsTargetPlatform (83)
[2018.02.11-19.00.49:783][827]LogModuleManager: Shutting down and abandoning module WindowsServerTargetPlatform (81)
[2018.02.11-19.00.49:783][827]LogModuleManager: Shutting down and abandoning module WindowsNoEditorTargetPlatform (79)
[2018.02.11-19.00.49:783][827]LogModuleManager: Shutting down and abandoning module WindowsClientTargetPlatform (77)
[2018.02.11-19.00.49:783][827]LogModuleManager: Shutting down and abandoning module MacTargetPlatform (75)
[2018.02.11-19.00.49:783][827]LogModuleManager: Shutting down and abandoning module MacServerTargetPlatform (73)
[2018.02.11-19.00.49:783][827]LogModuleManager: Shutting down and abandoning module MacNoEditorTargetPlatform (71)
[2018.02.11-19.00.49:783][827]LogModuleManager: Shutting down and abandoning module MacClientTargetPlatform (69)
[2018.02.11-19.00.49:783][827]LogModuleManager: Shutting down and abandoning module AllDesktopTargetPlatform (67)
[2018.02.11-19.00.49:783][827]LogModuleManager: Shutting down and abandoning module InputCore (64)
[2018.02.11-19.00.49:783][827]LogModuleManager: Shutting down and abandoning module Settings (62)
[2018.02.11-19.00.49:783][827]LogModuleManager: Shutting down and abandoning module PhysXCooking (60)
[2018.02.11-19.00.49:783][827]LogModuleManager: Shutting down and abandoning module SteamVR (58)
[2018.02.11-19.00.49:783][827]LogModuleManager: Shutting down and abandoning module OculusHMD (56)
[2018.02.11-19.00.49:784][827]LogModuleManager: Shutting down and abandoning module ExampleDeviceProfileSelector (54)
[2018.02.11-19.00.49:784][827]LogModuleManager: Shutting down and abandoning module AppleARKit (52)
[2018.02.11-19.00.49:784][827]LogModuleManager: Shutting down and abandoning module AugmentedReality (51)
[2018.02.11-19.00.49:784][827]LogModuleManager: Shutting down and abandoning module OnlineBlueprintSupport (48)
[2018.02.11-19.00.49:784][827]LogModuleManager: Shutting down and abandoning module OnlineSubsystem (44)
[2018.02.11-19.00.49:784][827]LogModuleManager: Shutting down and abandoning module XMPP (43)
[2018.02.11-19.00.49:785][827]LogModuleManager: Shutting down and abandoning module HTTP (41)
[2018.02.11-19.00.49:785][827]LogHttp: Display: Http module shutting down, but needs to wait on 1 outstanding Http requests:
[2018.02.11-19.00.49:785][827]LogHttp: Display: 	verb=[POST] url=[https://datarouter.ol.epicgames.com/datarouter/api/v1/public/data?SessionID=%7BEF034E1C-4F53-FE64-FDF1-AE8192B81D27%7D&AppID=UEEditor.Rocket.Release&AppVersion=4.18.3-3832480%2B%2B%2BUE4%2BRelease-4.18&UserID=402477884e97c38a9aae58a14c753674%7C8027a65380424ceca985b444f3ace399%7C53bc0bf2-3f1d-4f92-ad39-e32b7927c0de&AppEnvironment=datacollector-binary&UploadType=eteventstream] status=Processing
[2018.02.11-19.00.49:802][827]LogModuleManager: Shutting down and abandoning module SSL (40)
[2018.02.11-19.00.49:803][827]LogModuleManager: Shutting down and abandoning module AnimationModifiers (36)
[2018.02.11-19.00.49:804][827]LogModuleManager: Shutting down and abandoning module PropertyEditor (35)
[2018.02.11-19.00.49:804][827]LogModuleManager: Shutting down and abandoning module AudioEditor (32)
[2018.02.11-19.00.49:805][827]LogModuleManager: Shutting down and abandoning module TextureCompressor (30)
[2018.02.11-19.00.49:805][827]LogModuleManager: Shutting down and abandoning module ShaderCore (28)
[2018.02.11-19.00.49:805][827]LogModuleManager: Shutting down and abandoning module Landscape (26)
[2018.02.11-19.00.49:805][827]LogModuleManager: Shutting down and abandoning module SlateRHIRenderer (24)
[2018.02.11-19.00.49:806][827]LogModuleManager: Shutting down and abandoning module OpenGLDrv (22)
[2018.02.11-19.00.49:807][827]LogModuleManager: Shutting down and abandoning module D3D11RHI (20)
[2018.02.11-19.00.49:807][827]LogModuleManager: Shutting down and abandoning module AnimGraphRuntime (18)
[2018.02.11-19.00.49:807][827]LogModuleManager: Shutting down and abandoning module Renderer (16)
[2018.02.11-19.00.49:807][827]LogModuleManager: Shutting down and abandoning module Engine (14)
[2018.02.11-19.00.49:807][827]LogModuleManager: Shutting down and abandoning module CoreUObject (12)
[2018.02.11-19.00.49:807][827]LogModuleManager: Shutting down and abandoning module NetworkFile (10)
[2018.02.11-19.00.49:808][827]LogModuleManager: Shutting down and abandoning module CookedIterativeFile (8)
[2018.02.11-19.00.49:808][827]LogModuleManager: Shutting down and abandoning module StreamingFile (6)
[2018.02.11-19.00.49:808][827]LogModuleManager: Shutting down and abandoning module SandboxFile (4)
[2018.02.11-19.00.49:808][827]LogModuleManager: Shutting down and abandoning module PakFile (2)
[2018.02.11-19.00.49:813][827]LogExit: Exiting.
[2018.02.11-19.00.49:824][827]Log file closed, 02/11/18 11:00:49
